This file contains any messages produced by compilers while
running configure, to aid debugging if configure makes a mistake.

It was created by configure, which was
generated by GNU Autoconf 2.69.  Invocation command line was

  $ ./configure --with-ssl --enable-ssl

## --------- ##
## Platform. ##
## --------- ##

hostname = salman-lab-pc
uname -m = x86_64
uname -r = 5.8.0-63-generic
uname -s = Linux
uname -v = #71~20.04.1-Ubuntu SMP Thu Jul 15 17:46:08 UTC 2021

/usr/bin/uname -p = x86_64
/bin/uname -X     = unknown

/bin/arch              = x86_64
/usr/bin/arch -k       = unknown
/usr/convex/getsysinfo = unknown
/usr/bin/hostinfo      = unknown
/bin/machine           = unknown
/usr/bin/oslevel       = unknown
/bin/universe          = unknown

PATH: /home/salman/.local/bin
PATH: /usr/local/sbin
PATH: /usr/local/bin
PATH: /usr/sbin
PATH: /usr/bin
PATH: /sbin
PATH: /bin
PATH: /usr/games
PATH: /usr/local/games
PATH: /snap/bin


## ----------- ##
## Core tests. ##
## ----------- ##

configure:3069: checking for chosen layout
configure:3071: result: Apache
configure:3874: checking for working mkdir -p
configure:3890: result: yes
configure:3899: checking for grep that handles long lines and -e
configure:3957: result: /usr/bin/grep
configure:3962: checking for egrep
configure:4024: result: /usr/bin/grep -E
configure:4040: checking build system type
configure:4054: result: x86_64-unknown-linux-gnu
configure:4074: checking host system type
configure:4087: result: x86_64-unknown-linux-gnu
configure:4107: checking target system type
configure:4120: result: x86_64-unknown-linux-gnu
configure:4150: 
configure:4152: Configuring Apache Portable Runtime library...
configure:4154: 
configure:4195: checking for APR
configure:4340: result: reconfig
configure:4491: 
configure:4493: Configuring Apache Portable Runtime Utility library...
configure:4495: 
configure:4532: checking for APR-util
configure:4611: result: reconfig
configure:4769: checking for gcc
configure:4796: result: gcc
configure:5025: checking for C compiler version
configure:5034: gcc --version >&5
gcc (Ubuntu 9.3.0-17ubuntu1~20.04) 9.3.0
Copyright (C) 2019 Free Software Foundation, Inc.
This is free software; see the source for copying conditions.  There is NO
warranty; not even for MERCHANTABILITY or FITNESS FOR A PARTICULAR PURPOSE.

configure:5045: $? = 0
configure:5034: gcc -v >&5
Using built-in specs.
COLLECT_GCC=gcc
COLLECT_LTO_WRAPPER=/usr/lib/gcc/x86_64-linux-gnu/9/lto-wrapper
OFFLOAD_TARGET_NAMES=nvptx-none:hsa
OFFLOAD_TARGET_DEFAULT=1
Target: x86_64-linux-gnu
Configured with: ../src/configure -v --with-pkgversion='Ubuntu 9.3.0-17ubuntu1~20.04' --with-bugurl=file:///usr/share/doc/gcc-9/README.Bugs --enable-languages=c,ada,c++,go,brig,d,fortran,objc,obj-c++,gm2 --prefix=/usr --with-gcc-major-version-only --program-suffix=-9 --program-prefix=x86_64-linux-gnu- --enable-shared --enable-linker-build-id --libexecdir=/usr/lib --without-included-gettext --enable-threads=posix --libdir=/usr/lib --enable-nls --enable-clocale=gnu --enable-libstdcxx-debug --enable-libstdcxx-time=yes --with-default-libstdcxx-abi=new --enable-gnu-unique-object --disable-vtable-verify --enable-plugin --enable-default-pie --with-system-zlib --with-target-system-zlib=auto --enable-objc-gc=auto --enable-multiarch --disable-werror --with-arch-32=i686 --with-abi=m64 --with-multilib-list=m32,m64,mx32 --enable-multilib --with-tune=generic --enable-offload-targets=nvptx-none=/build/gcc-9-HskZEa/gcc-9-9.3.0/debian/tmp-nvptx/usr,hsa --without-cuda-driver --enable-checking=release --build=x86_64-linux-gnu --host=x86_64-linux-gnu --target=x86_64-linux-gnu
Thread model: posix
gcc version 9.3.0 (Ubuntu 9.3.0-17ubuntu1~20.04) 
configure:5045: $? = 0
configure:5034: gcc -V >&5
gcc: error: unrecognized command line option '-V'
gcc: fatal error: no input files
compilation terminated.
configure:5045: $? = 1
configure:5034: gcc -qversion >&5
gcc: error: unrecognized command line option '-qversion'; did you mean '--version'?
gcc: fatal error: no input files
compilation terminated.
configure:5045: $? = 1
configure:5065: checking whether the C compiler works
configure:5087: gcc  -g -O2 -pthread  -DLINUX -D_REENTRANT -D_GNU_SOURCE   conftest.c  >&5
configure:5091: $? = 0
configure:5139: result: yes
configure:5142: checking for C compiler default output file name
configure:5144: result: a.out
configure:5150: checking for suffix of executables
configure:5157: gcc -o conftest  -g -O2 -pthread  -DLINUX -D_REENTRANT -D_GNU_SOURCE   conftest.c  >&5
configure:5161: $? = 0
configure:5183: result: 
configure:5205: checking whether we are cross compiling
configure:5213: gcc -o conftest  -g -O2 -pthread  -DLINUX -D_REENTRANT -D_GNU_SOURCE   conftest.c  >&5
configure:5217: $? = 0
configure:5224: ./conftest
configure:5228: $? = 0
configure:5216: result: no
configure:5221: checking for suffix of object files
configure:5243: gcc -c  -g -O2 -pthread  -DLINUX -D_REENTRANT -D_GNU_SOURCE conftest.c >&5
configure:5247: $? = 0
configure:5268: result: o
configure:5272: checking whether we are using the GNU C compiler
configure:5291: gcc -c  -g -O2 -pthread  -DLINUX -D_REENTRANT -D_GNU_SOURCE conftest.c >&5
configure:5291: $? = 0
configure:5300: result: yes
configure:5309: checking whether gcc accepts -g
configure:5329: gcc -c -g  -DLINUX -D_REENTRANT -D_GNU_SOURCE conftest.c >&5
configure:5329: $? = 0
configure:5370: result: yes
configure:5387: checking for gcc option to accept ISO C89
configure:5450: gcc  -c  -g -O2 -pthread  -DLINUX -D_REENTRANT -D_GNU_SOURCE conftest.c >&5
configure:5450: $? = 0
configure:5463: result: none needed
configure:5488: checking how to run the C preprocessor
configure:5558: result: gcc -E
configure:5578: gcc -E  -DLINUX -D_REENTRANT -D_GNU_SOURCE conftest.c
configure:5578: $? = 0
configure:5592: gcc -E  -DLINUX -D_REENTRANT -D_GNU_SOURCE conftest.c
conftest.c:9:10: fatal error: ac_nonexistent.h: No such file or directory
    9 | #include <ac_nonexistent.h>
      |          ^~~~~~~~~~~~~~~~~~
compilation terminated.
configure:5592: $? = 1
configure: failed program was:
| /* confdefs.h */
| #define PACKAGE_NAME ""
| #define PACKAGE_TARNAME ""
| #define PACKAGE_VERSION ""
| #define PACKAGE_STRING ""
| #define PACKAGE_BUGREPORT ""
| #define PACKAGE_URL ""
| /* end confdefs.h.  */
| #include <ac_nonexistent.h>
configure:5621: checking for gcc option to accept ISO C99
configure:5770: gcc  -c  -g -O2 -pthread  -DLINUX -D_REENTRANT -D_GNU_SOURCE conftest.c >&5
configure:5770: $? = 0
configure:5783: result: none needed
configure:5814: checking for pcre-config
configure:5832: found /usr/bin/pcre-config
configure:5845: result: /usr/bin/pcre-config
configure:5868: Using external PCRE library from /usr/bin/pcre-config
configure:5920: 
configure:5922: Configuring Apache httpd...
configure:5924: 
configure:6064: 
configure:6066: Applying OS-specific hints for httpd...
configure:6068: 
configure:6234: checking for rm
configure:6252: found /usr/bin/rm
configure:6264: result: /usr/bin/rm
configure:6274: checking for pkg-config
configure:6292: found /usr/bin/pkg-config
configure:6304: result: /usr/bin/pkg-config
configure:6314: checking for rsync
configure:6332: found /usr/bin/rsync
configure:6344: result: /usr/bin/rsync
configure:6356: checking for gawk
configure:6372: found /usr/bin/gawk
configure:6383: result: gawk
configure:6394: checking whether ln -s works
configure:6398: result: yes
configure:6448: checking for ranlib
configure:6464: found /usr/bin/ranlib
configure:6475: result: ranlib
configure:6501: checking for lynx
configure:6531: result: no
configure:6501: checking for links
configure:6531: result: no
configure:6501: checking for elinks
configure:6531: result: no
configure:6556: checking for ANSI C header files
configure:6576: gcc -c  -g -O2 -pthread  -DLINUX -D_REENTRANT -D_GNU_SOURCE conftest.c >&5
configure:6576: $? = 0
configure:6649: gcc -o conftest  -g -O2 -pthread  -DLINUX -D_REENTRANT -D_GNU_SOURCE   conftest.c  >&5
configure:6649: $? = 0
configure:6649: ./conftest
configure:6649: $? = 0
configure:6660: result: yes
configure:6673: checking for sys/types.h
configure:6673: gcc -c  -g -O2 -pthread  -DLINUX -D_REENTRANT -D_GNU_SOURCE conftest.c >&5
configure:6673: $? = 0
configure:6673: result: yes
configure:6673: checking for sys/stat.h
configure:6673: gcc -c  -g -O2 -pthread  -DLINUX -D_REENTRANT -D_GNU_SOURCE conftest.c >&5
configure:6673: $? = 0
configure:6673: result: yes
configure:6673: checking for stdlib.h
configure:6673: gcc -c  -g -O2 -pthread  -DLINUX -D_REENTRANT -D_GNU_SOURCE conftest.c >&5
configure:6673: $? = 0
configure:6673: result: yes
configure:6673: checking for string.h
configure:6673: gcc -c  -g -O2 -pthread  -DLINUX -D_REENTRANT -D_GNU_SOURCE conftest.c >&5
configure:6673: $? = 0
configure:6673: result: yes
configure:6673: checking for memory.h
configure:6673: gcc -c  -g -O2 -pthread  -DLINUX -D_REENTRANT -D_GNU_SOURCE conftest.c >&5
configure:6673: $? = 0
configure:6673: result: yes
configure:6673: checking for strings.h
configure:6673: gcc -c  -g -O2 -pthread  -DLINUX -D_REENTRANT -D_GNU_SOURCE conftest.c >&5
configure:6673: $? = 0
configure:6673: result: yes
configure:6673: checking for inttypes.h
configure:6673: gcc -c  -g -O2 -pthread  -DLINUX -D_REENTRANT -D_GNU_SOURCE conftest.c >&5
configure:6673: $? = 0
configure:6673: result: yes
configure:6673: checking for stdint.h
configure:6673: gcc -c  -g -O2 -pthread  -DLINUX -D_REENTRANT -D_GNU_SOURCE conftest.c >&5
configure:6673: $? = 0
configure:6673: result: yes
configure:6673: checking for unistd.h
configure:6673: gcc -c  -g -O2 -pthread  -DLINUX -D_REENTRANT -D_GNU_SOURCE conftest.c >&5
configure:6673: $? = 0
configure:6673: result: yes
configure:6686: checking minix/config.h usability
configure:6686: gcc -c  -g -O2 -pthread  -DLINUX -D_REENTRANT -D_GNU_SOURCE conftest.c >&5
conftest.c:52:10: fatal error: minix/config.h: No such file or directory
   52 | #include <minix/config.h>
      |          ^~~~~~~~~~~~~~~~
compilation terminated.
configure:6686: $? = 1
configure: failed program was:
| /* confdefs.h */
| #define PACKAGE_NAME ""
| #define PACKAGE_TARNAME ""
| #define PACKAGE_VERSION ""
| #define PACKAGE_STRING ""
| #define PACKAGE_BUGREPORT ""
| #define PACKAGE_URL ""
| #define STDC_HEADERS 1
| #define HAVE_SYS_TYPES_H 1
| #define HAVE_SYS_STAT_H 1
| #define HAVE_STDLIB_H 1
| #define HAVE_STRING_H 1
| #define HAVE_MEMORY_H 1
| #define HAVE_STRINGS_H 1
| #define HAVE_INTTYPES_H 1
| #define HAVE_STDINT_H 1
| #define HAVE_UNISTD_H 1
| /* end confdefs.h.  */
| #include <stdio.h>
| #ifdef HAVE_SYS_TYPES_H
| # include <sys/types.h>
| #endif
| #ifdef HAVE_SYS_STAT_H
| # include <sys/stat.h>
| #endif
| #ifdef STDC_HEADERS
| # include <stdlib.h>
| # include <stddef.h>
| #else
| # ifdef HAVE_STDLIB_H
| #  include <stdlib.h>
| # endif
| #endif
| #ifdef HAVE_STRING_H
| # if !defined STDC_HEADERS && defined HAVE_MEMORY_H
| #  include <memory.h>
| # endif
| # include <string.h>
| #endif
| #ifdef HAVE_STRINGS_H
| # include <strings.h>
| #endif
| #ifdef HAVE_INTTYPES_H
| # include <inttypes.h>
| #endif
| #ifdef HAVE_STDINT_H
| # include <stdint.h>
| #endif
| #ifdef HAVE_UNISTD_H
| # include <unistd.h>
| #endif
| #include <minix/config.h>
configure:6686: result: no
configure:6686: checking minix/config.h presence
configure:6686: gcc -E  -DLINUX -D_REENTRANT -D_GNU_SOURCE conftest.c
conftest.c:19:10: fatal error: minix/config.h: No such file or directory
   19 | #include <minix/config.h>
      |          ^~~~~~~~~~~~~~~~
compilation terminated.
configure:6686: $? = 1
configure: failed program was:
| /* confdefs.h */
| #define PACKAGE_NAME ""
| #define PACKAGE_TARNAME ""
| #define PACKAGE_VERSION ""
| #define PACKAGE_STRING ""
| #define PACKAGE_BUGREPORT ""
| #define PACKAGE_URL ""
| #define STDC_HEADERS 1
| #define HAVE_SYS_TYPES_H 1
| #define HAVE_SYS_STAT_H 1
| #define HAVE_STDLIB_H 1
| #define HAVE_STRING_H 1
| #define HAVE_MEMORY_H 1
| #define HAVE_STRINGS_H 1
| #define HAVE_INTTYPES_H 1
| #define HAVE_STDINT_H 1
| #define HAVE_UNISTD_H 1
| /* end confdefs.h.  */
| #include <minix/config.h>
configure:6686: result: no
configure:6686: checking for minix/config.h
configure:6686: result: no
configure:6707: checking whether it is safe to define __EXTENSIONS__
configure:6725: gcc -c  -g -O2 -pthread  -DLINUX -D_REENTRANT -D_GNU_SOURCE conftest.c >&5
configure:6725: $? = 0
configure:6732: result: yes
configure:6748: checking for library containing strerror
configure:6779: gcc -o conftest  -g -O2 -pthread  -DLINUX -D_REENTRANT -D_GNU_SOURCE   conftest.c  >&5
configure:6779: $? = 0
configure:6796: result: none required
configure:7001: checking for ANSI C header files
configure:7105: result: yes
configure:7129: checking for string.h
configure:7129: result: yes
configure:7129: checking limits.h usability
configure:7129: gcc -c  -g -O2 -pthread  -DLINUX -D_REENTRANT -D_GNU_SOURCE conftest.c >&5
configure:7129: $? = 0
configure:7129: result: yes
configure:7129: checking limits.h presence
configure:7129: gcc -E  -DLINUX -D_REENTRANT -D_GNU_SOURCE conftest.c
configure:7129: $? = 0
configure:7129: result: yes
configure:7129: checking for limits.h
configure:7129: result: yes
configure:7129: checking for unistd.h
configure:7129: result: yes
configure:7129: checking sys/socket.h usability
configure:7129: gcc -c  -g -O2 -pthread  -DLINUX -D_REENTRANT -D_GNU_SOURCE conftest.c >&5
configure:7129: $? = 0
configure:7129: result: yes
configure:7129: checking sys/socket.h presence
configure:7129: gcc -E  -DLINUX -D_REENTRANT -D_GNU_SOURCE conftest.c
configure:7129: $? = 0
configure:7129: result: yes
configure:7129: checking for sys/socket.h
configure:7129: result: yes
configure:7129: checking pwd.h usability
configure:7129: gcc -c  -g -O2 -pthread  -DLINUX -D_REENTRANT -D_GNU_SOURCE conftest.c >&5
configure:7129: $? = 0
configure:7129: result: yes
configure:7129: checking pwd.h presence
configure:7129: gcc -E  -DLINUX -D_REENTRANT -D_GNU_SOURCE conftest.c
configure:7129: $? = 0
configure:7129: result: yes
configure:7129: checking for pwd.h
configure:7129: result: yes
configure:7129: checking grp.h usability
configure:7129: gcc -c  -g -O2 -pthread  -DLINUX -D_REENTRANT -D_GNU_SOURCE conftest.c >&5
configure:7129: $? = 0
configure:7129: result: yes
configure:7129: checking grp.h presence
configure:7129: gcc -E  -DLINUX -D_REENTRANT -D_GNU_SOURCE conftest.c
configure:7129: $? = 0
configure:7129: result: yes
configure:7129: checking for grp.h
configure:7129: result: yes
configure:7129: checking for strings.h
configure:7129: result: yes
configure:7129: checking sys/prctl.h usability
configure:7129: gcc -c  -g -O2 -pthread  -DLINUX -D_REENTRANT -D_GNU_SOURCE conftest.c >&5
configure:7129: $? = 0
configure:7129: result: yes
configure:7129: checking sys/prctl.h presence
configure:7129: gcc -E  -DLINUX -D_REENTRANT -D_GNU_SOURCE conftest.c
configure:7129: $? = 0
configure:7129: result: yes
configure:7129: checking for sys/prctl.h
configure:7129: result: yes
configure:7129: checking sys/processor.h usability
configure:7129: gcc -c  -g -O2 -pthread  -DLINUX -D_REENTRANT -D_GNU_SOURCE conftest.c >&5
conftest.c:66:10: fatal error: sys/processor.h: No such file or directory
   66 | #include <sys/processor.h>
      |          ^~~~~~~~~~~~~~~~~
compilation terminated.
configure:7129: $? = 1
configure: failed program was:
| /* confdefs.h */
| #define PACKAGE_NAME ""
| #define PACKAGE_TARNAME ""
| #define PACKAGE_VERSION ""
| #define PACKAGE_STRING ""
| #define PACKAGE_BUGREPORT ""
| #define PACKAGE_URL ""
| #define STDC_HEADERS 1
| #define HAVE_SYS_TYPES_H 1
| #define HAVE_SYS_STAT_H 1
| #define HAVE_STDLIB_H 1
| #define HAVE_STRING_H 1
| #define HAVE_MEMORY_H 1
| #define HAVE_STRINGS_H 1
| #define HAVE_INTTYPES_H 1
| #define HAVE_STDINT_H 1
| #define HAVE_UNISTD_H 1
| #define __EXTENSIONS__ 1
| #define _ALL_SOURCE 1
| #define _GNU_SOURCE 1
| #define _POSIX_PTHREAD_SEMANTICS 1
| #define _TANDEM_SOURCE 1
| #define STDC_HEADERS 1
| #define HAVE_STRING_H 1
| #define HAVE_LIMITS_H 1
| #define HAVE_UNISTD_H 1
| #define HAVE_SYS_SOCKET_H 1
| #define HAVE_PWD_H 1
| #define HAVE_GRP_H 1
| #define HAVE_STRINGS_H 1
| #define HAVE_SYS_PRCTL_H 1
| /* end confdefs.h.  */
| #include <stdio.h>
| #ifdef HAVE_SYS_TYPES_H
| # include <sys/types.h>
| #endif
| #ifdef HAVE_SYS_STAT_H
| # include <sys/stat.h>
| #endif
| #ifdef STDC_HEADERS
| # include <stdlib.h>
| # include <stddef.h>
| #else
| # ifdef HAVE_STDLIB_H
| #  include <stdlib.h>
| # endif
| #endif
| #ifdef HAVE_STRING_H
| # if !defined STDC_HEADERS && defined HAVE_MEMORY_H
| #  include <memory.h>
| # endif
| # include <string.h>
| #endif
| #ifdef HAVE_STRINGS_H
| # include <strings.h>
| #endif
| #ifdef HAVE_INTTYPES_H
| # include <inttypes.h>
| #endif
| #ifdef HAVE_STDINT_H
| # include <stdint.h>
| #endif
| #ifdef HAVE_UNISTD_H
| # include <unistd.h>
| #endif
| #include <sys/processor.h>
configure:7129: result: no
configure:7129: checking sys/processor.h presence
configure:7129: gcc -E  -DLINUX -D_REENTRANT -D_GNU_SOURCE conftest.c
conftest.c:33:10: fatal error: sys/processor.h: No such file or directory
   33 | #include <sys/processor.h>
      |          ^~~~~~~~~~~~~~~~~
compilation terminated.
configure:7129: $? = 1
configure: failed program was:
| /* confdefs.h */
| #define PACKAGE_NAME ""
| #define PACKAGE_TARNAME ""
| #define PACKAGE_VERSION ""
| #define PACKAGE_STRING ""
| #define PACKAGE_BUGREPORT ""
| #define PACKAGE_URL ""
| #define STDC_HEADERS 1
| #define HAVE_SYS_TYPES_H 1
| #define HAVE_SYS_STAT_H 1
| #define HAVE_STDLIB_H 1
| #define HAVE_STRING_H 1
| #define HAVE_MEMORY_H 1
| #define HAVE_STRINGS_H 1
| #define HAVE_INTTYPES_H 1
| #define HAVE_STDINT_H 1
| #define HAVE_UNISTD_H 1
| #define __EXTENSIONS__ 1
| #define _ALL_SOURCE 1
| #define _GNU_SOURCE 1
| #define _POSIX_PTHREAD_SEMANTICS 1
| #define _TANDEM_SOURCE 1
| #define STDC_HEADERS 1
| #define HAVE_STRING_H 1
| #define HAVE_LIMITS_H 1
| #define HAVE_UNISTD_H 1
| #define HAVE_SYS_SOCKET_H 1
| #define HAVE_PWD_H 1
| #define HAVE_GRP_H 1
| #define HAVE_STRINGS_H 1
| #define HAVE_SYS_PRCTL_H 1
| /* end confdefs.h.  */
| #include <sys/processor.h>
configure:7129: result: no
configure:7129: checking for sys/processor.h
configure:7129: result: no
configure:7129: checking sys/sem.h usability
configure:7129: gcc -c  -g -O2 -pthread  -DLINUX -D_REENTRANT -D_GNU_SOURCE conftest.c >&5
configure:7129: $? = 0
configure:7129: result: yes
configure:7129: checking sys/sem.h presence
configure:7129: gcc -E  -DLINUX -D_REENTRANT -D_GNU_SOURCE conftest.c
configure:7129: $? = 0
configure:7129: result: yes
configure:7129: checking for sys/sem.h
configure:7129: result: yes
configure:7129: checking sys/sdt.h usability
configure:7129: gcc -c  -g -O2 -pthread  -DLINUX -D_REENTRANT -D_GNU_SOURCE conftest.c >&5
conftest.c:67:10: fatal error: sys/sdt.h: No such file or directory
   67 | #include <sys/sdt.h>
      |          ^~~~~~~~~~~
compilation terminated.
configure:7129: $? = 1
configure: failed program was:
| /* confdefs.h */
| #define PACKAGE_NAME ""
| #define PACKAGE_TARNAME ""
| #define PACKAGE_VERSION ""
| #define PACKAGE_STRING ""
| #define PACKAGE_BUGREPORT ""
| #define PACKAGE_URL ""
| #define STDC_HEADERS 1
| #define HAVE_SYS_TYPES_H 1
| #define HAVE_SYS_STAT_H 1
| #define HAVE_STDLIB_H 1
| #define HAVE_STRING_H 1
| #define HAVE_MEMORY_H 1
| #define HAVE_STRINGS_H 1
| #define HAVE_INTTYPES_H 1
| #define HAVE_STDINT_H 1
| #define HAVE_UNISTD_H 1
| #define __EXTENSIONS__ 1
| #define _ALL_SOURCE 1
| #define _GNU_SOURCE 1
| #define _POSIX_PTHREAD_SEMANTICS 1
| #define _TANDEM_SOURCE 1
| #define STDC_HEADERS 1
| #define HAVE_STRING_H 1
| #define HAVE_LIMITS_H 1
| #define HAVE_UNISTD_H 1
| #define HAVE_SYS_SOCKET_H 1
| #define HAVE_PWD_H 1
| #define HAVE_GRP_H 1
| #define HAVE_STRINGS_H 1
| #define HAVE_SYS_PRCTL_H 1
| #define HAVE_SYS_SEM_H 1
| /* end confdefs.h.  */
| #include <stdio.h>
| #ifdef HAVE_SYS_TYPES_H
| # include <sys/types.h>
| #endif
| #ifdef HAVE_SYS_STAT_H
| # include <sys/stat.h>
| #endif
| #ifdef STDC_HEADERS
| # include <stdlib.h>
| # include <stddef.h>
| #else
| # ifdef HAVE_STDLIB_H
| #  include <stdlib.h>
| # endif
| #endif
| #ifdef HAVE_STRING_H
| # if !defined STDC_HEADERS && defined HAVE_MEMORY_H
| #  include <memory.h>
| # endif
| # include <string.h>
| #endif
| #ifdef HAVE_STRINGS_H
| # include <strings.h>
| #endif
| #ifdef HAVE_INTTYPES_H
| # include <inttypes.h>
| #endif
| #ifdef HAVE_STDINT_H
| # include <stdint.h>
| #endif
| #ifdef HAVE_UNISTD_H
| # include <unistd.h>
| #endif
| #include <sys/sdt.h>
configure:7129: result: no
configure:7129: checking sys/sdt.h presence
configure:7129: gcc -E  -DLINUX -D_REENTRANT -D_GNU_SOURCE conftest.c
conftest.c:34:10: fatal error: sys/sdt.h: No such file or directory
   34 | #include <sys/sdt.h>
      |          ^~~~~~~~~~~
compilation terminated.
configure:7129: $? = 1
configure: failed program was:
| /* confdefs.h */
| #define PACKAGE_NAME ""
| #define PACKAGE_TARNAME ""
| #define PACKAGE_VERSION ""
| #define PACKAGE_STRING ""
| #define PACKAGE_BUGREPORT ""
| #define PACKAGE_URL ""
| #define STDC_HEADERS 1
| #define HAVE_SYS_TYPES_H 1
| #define HAVE_SYS_STAT_H 1
| #define HAVE_STDLIB_H 1
| #define HAVE_STRING_H 1
| #define HAVE_MEMORY_H 1
| #define HAVE_STRINGS_H 1
| #define HAVE_INTTYPES_H 1
| #define HAVE_STDINT_H 1
| #define HAVE_UNISTD_H 1
| #define __EXTENSIONS__ 1
| #define _ALL_SOURCE 1
| #define _GNU_SOURCE 1
| #define _POSIX_PTHREAD_SEMANTICS 1
| #define _TANDEM_SOURCE 1
| #define STDC_HEADERS 1
| #define HAVE_STRING_H 1
| #define HAVE_LIMITS_H 1
| #define HAVE_UNISTD_H 1
| #define HAVE_SYS_SOCKET_H 1
| #define HAVE_PWD_H 1
| #define HAVE_GRP_H 1
| #define HAVE_STRINGS_H 1
| #define HAVE_SYS_PRCTL_H 1
| #define HAVE_SYS_SEM_H 1
| /* end confdefs.h.  */
| #include <sys/sdt.h>
configure:7129: result: no
configure:7129: checking for sys/sdt.h
configure:7129: result: no
configure:7129: checking sys/loadavg.h usability
configure:7129: gcc -c  -g -O2 -pthread  -DLINUX -D_REENTRANT -D_GNU_SOURCE conftest.c >&5
conftest.c:67:10: fatal error: sys/loadavg.h: No such file or directory
   67 | #include <sys/loadavg.h>
      |          ^~~~~~~~~~~~~~~
compilation terminated.
configure:7129: $? = 1
configure: failed program was:
| /* confdefs.h */
| #define PACKAGE_NAME ""
| #define PACKAGE_TARNAME ""
| #define PACKAGE_VERSION ""
| #define PACKAGE_STRING ""
| #define PACKAGE_BUGREPORT ""
| #define PACKAGE_URL ""
| #define STDC_HEADERS 1
| #define HAVE_SYS_TYPES_H 1
| #define HAVE_SYS_STAT_H 1
| #define HAVE_STDLIB_H 1
| #define HAVE_STRING_H 1
| #define HAVE_MEMORY_H 1
| #define HAVE_STRINGS_H 1
| #define HAVE_INTTYPES_H 1
| #define HAVE_STDINT_H 1
| #define HAVE_UNISTD_H 1
| #define __EXTENSIONS__ 1
| #define _ALL_SOURCE 1
| #define _GNU_SOURCE 1
| #define _POSIX_PTHREAD_SEMANTICS 1
| #define _TANDEM_SOURCE 1
| #define STDC_HEADERS 1
| #define HAVE_STRING_H 1
| #define HAVE_LIMITS_H 1
| #define HAVE_UNISTD_H 1
| #define HAVE_SYS_SOCKET_H 1
| #define HAVE_PWD_H 1
| #define HAVE_GRP_H 1
| #define HAVE_STRINGS_H 1
| #define HAVE_SYS_PRCTL_H 1
| #define HAVE_SYS_SEM_H 1
| /* end confdefs.h.  */
| #include <stdio.h>
| #ifdef HAVE_SYS_TYPES_H
| # include <sys/types.h>
| #endif
| #ifdef HAVE_SYS_STAT_H
| # include <sys/stat.h>
| #endif
| #ifdef STDC_HEADERS
| # include <stdlib.h>
| # include <stddef.h>
| #else
| # ifdef HAVE_STDLIB_H
| #  include <stdlib.h>
| # endif
| #endif
| #ifdef HAVE_STRING_H
| # if !defined STDC_HEADERS && defined HAVE_MEMORY_H
| #  include <memory.h>
| # endif
| # include <string.h>
| #endif
| #ifdef HAVE_STRINGS_H
| # include <strings.h>
| #endif
| #ifdef HAVE_INTTYPES_H
| # include <inttypes.h>
| #endif
| #ifdef HAVE_STDINT_H
| # include <stdint.h>
| #endif
| #ifdef HAVE_UNISTD_H
| # include <unistd.h>
| #endif
| #include <sys/loadavg.h>
configure:7129: result: no
configure:7129: checking sys/loadavg.h presence
configure:7129: gcc -E  -DLINUX -D_REENTRANT -D_GNU_SOURCE conftest.c
conftest.c:34:10: fatal error: sys/loadavg.h: No such file or directory
   34 | #include <sys/loadavg.h>
      |          ^~~~~~~~~~~~~~~
compilation terminated.
configure:7129: $? = 1
configure: failed program was:
| /* confdefs.h */
| #define PACKAGE_NAME ""
| #define PACKAGE_TARNAME ""
| #define PACKAGE_VERSION ""
| #define PACKAGE_STRING ""
| #define PACKAGE_BUGREPORT ""
| #define PACKAGE_URL ""
| #define STDC_HEADERS 1
| #define HAVE_SYS_TYPES_H 1
| #define HAVE_SYS_STAT_H 1
| #define HAVE_STDLIB_H 1
| #define HAVE_STRING_H 1
| #define HAVE_MEMORY_H 1
| #define HAVE_STRINGS_H 1
| #define HAVE_INTTYPES_H 1
| #define HAVE_STDINT_H 1
| #define HAVE_UNISTD_H 1
| #define __EXTENSIONS__ 1
| #define _ALL_SOURCE 1
| #define _GNU_SOURCE 1
| #define _POSIX_PTHREAD_SEMANTICS 1
| #define _TANDEM_SOURCE 1
| #define STDC_HEADERS 1
| #define HAVE_STRING_H 1
| #define HAVE_LIMITS_H 1
| #define HAVE_UNISTD_H 1
| #define HAVE_SYS_SOCKET_H 1
| #define HAVE_PWD_H 1
| #define HAVE_GRP_H 1
| #define HAVE_STRINGS_H 1
| #define HAVE_SYS_PRCTL_H 1
| #define HAVE_SYS_SEM_H 1
| /* end confdefs.h.  */
| #include <sys/loadavg.h>
configure:7129: result: no
configure:7129: checking for sys/loadavg.h
configure:7129: result: no
configure:7139: checking for sys/wait.h that is POSIX.1 compatible
configure:7165: gcc -c  -g -O2 -pthread  -DLINUX -D_REENTRANT -D_GNU_SOURCE conftest.c >&5
configure:7165: $? = 0
configure:7172: result: yes
configure:7182: checking for an ANSI C-conforming const
configure:7248: gcc -c  -g -O2 -pthread  -DLINUX -D_REENTRANT -D_GNU_SOURCE conftest.c >&5
configure:7248: $? = 0
configure:7255: result: yes
configure:7266: checking for library containing sqrt
configure:7297: gcc -o conftest  -g -O2 -pthread  -DLINUX -D_REENTRANT -D_GNU_SOURCE   conftest.c  >&5
conftest.c:42:6: warning: conflicting types for built-in function 'sqrt'; expected 'double(double)' [-Wbuiltin-declaration-mismatch]
   42 | char sqrt ();
      |      ^~~~
conftest.c:1:1: note: 'sqrt' is declared in header '<math.h>'
    1 | /* confdefs.h */
/usr/bin/ld: /tmp/cckAfqfu.o: in function `main':
/home/salman/DPP/data/httpd-2.4.7/conftest.c:46: undefined reference to `sqrt'
collect2: error: ld returned 1 exit status
configure:7297: $? = 1
configure: failed program was:
| /* confdefs.h */
| #define PACKAGE_NAME ""
| #define PACKAGE_TARNAME ""
| #define PACKAGE_VERSION ""
| #define PACKAGE_STRING ""
| #define PACKAGE_BUGREPORT ""
| #define PACKAGE_URL ""
| #define STDC_HEADERS 1
| #define HAVE_SYS_TYPES_H 1
| #define HAVE_SYS_STAT_H 1
| #define HAVE_STDLIB_H 1
| #define HAVE_STRING_H 1
| #define HAVE_MEMORY_H 1
| #define HAVE_STRINGS_H 1
| #define HAVE_INTTYPES_H 1
| #define HAVE_STDINT_H 1
| #define HAVE_UNISTD_H 1
| #define __EXTENSIONS__ 1
| #define _ALL_SOURCE 1
| #define _GNU_SOURCE 1
| #define _POSIX_PTHREAD_SEMANTICS 1
| #define _TANDEM_SOURCE 1
| #define STDC_HEADERS 1
| #define HAVE_STRING_H 1
| #define HAVE_LIMITS_H 1
| #define HAVE_UNISTD_H 1
| #define HAVE_SYS_SOCKET_H 1
| #define HAVE_PWD_H 1
| #define HAVE_GRP_H 1
| #define HAVE_STRINGS_H 1
| #define HAVE_SYS_PRCTL_H 1
| #define HAVE_SYS_SEM_H 1
| #define HAVE_SYS_WAIT_H 1
| /* end confdefs.h.  */
| 
| /* Override any GCC internal prototype to avoid an error.
|    Use char because int might match the return type of a GCC
|    builtin and then its argument prototype would still apply.  */
| #ifdef __cplusplus
| extern "C"
| #endif
| char sqrt ();
| int
| main ()
| {
| return sqrt ();
|   ;
|   return 0;
| }
configure:7297: gcc -o conftest  -g -O2 -pthread  -DLINUX -D_REENTRANT -D_GNU_SOURCE   conftest.c -lm   >&5
conftest.c:42:6: warning: conflicting types for built-in function 'sqrt'; expected 'double(double)' [-Wbuiltin-declaration-mismatch]
   42 | char sqrt ();
      |      ^~~~
conftest.c:1:1: note: 'sqrt' is declared in header '<math.h>'
    1 | /* confdefs.h */
configure:7297: $? = 0
configure:7314: result: -lm
configure:7331: checking for library containing crypt
configure:7362: gcc -o conftest  -g -O2 -pthread  -DLINUX -D_REENTRANT -D_GNU_SOURCE   conftest.c  >&5
/usr/bin/ld: /tmp/ccKXS0wy.o: in function `main':
/home/salman/DPP/data/httpd-2.4.7/conftest.c:46: undefined reference to `crypt'
collect2: error: ld returned 1 exit status
configure:7362: $? = 1
configure: failed program was:
| /* confdefs.h */
| #define PACKAGE_NAME ""
| #define PACKAGE_TARNAME ""
| #define PACKAGE_VERSION ""
| #define PACKAGE_STRING ""
| #define PACKAGE_BUGREPORT ""
| #define PACKAGE_URL ""
| #define STDC_HEADERS 1
| #define HAVE_SYS_TYPES_H 1
| #define HAVE_SYS_STAT_H 1
| #define HAVE_STDLIB_H 1
| #define HAVE_STRING_H 1
| #define HAVE_MEMORY_H 1
| #define HAVE_STRINGS_H 1
| #define HAVE_INTTYPES_H 1
| #define HAVE_STDINT_H 1
| #define HAVE_UNISTD_H 1
| #define __EXTENSIONS__ 1
| #define _ALL_SOURCE 1
| #define _GNU_SOURCE 1
| #define _POSIX_PTHREAD_SEMANTICS 1
| #define _TANDEM_SOURCE 1
| #define STDC_HEADERS 1
| #define HAVE_STRING_H 1
| #define HAVE_LIMITS_H 1
| #define HAVE_UNISTD_H 1
| #define HAVE_SYS_SOCKET_H 1
| #define HAVE_PWD_H 1
| #define HAVE_GRP_H 1
| #define HAVE_STRINGS_H 1
| #define HAVE_SYS_PRCTL_H 1
| #define HAVE_SYS_SEM_H 1
| #define HAVE_SYS_WAIT_H 1
| /* end confdefs.h.  */
| 
| /* Override any GCC internal prototype to avoid an error.
|    Use char because int might match the return type of a GCC
|    builtin and then its argument prototype would still apply.  */
| #ifdef __cplusplus
| extern "C"
| #endif
| char crypt ();
| int
| main ()
| {
| return crypt ();
|   ;
|   return 0;
| }
configure:7362: gcc -o conftest  -g -O2 -pthread  -DLINUX -D_REENTRANT -D_GNU_SOURCE   conftest.c -lcrypt   >&5
configure:7362: $? = 0
configure:7379: result: -lcrypt
configure:7408: checking for getpwnam
configure:7408: gcc -o conftest  -g -O2 -pthread  -DLINUX -D_REENTRANT -D_GNU_SOURCE   conftest.c  >&5
configure:7408: $? = 0
configure:7408: result: yes
configure:7408: checking for getgrnam
configure:7408: gcc -o conftest  -g -O2 -pthread  -DLINUX -D_REENTRANT -D_GNU_SOURCE   conftest.c  >&5
configure:7408: $? = 0
configure:7408: result: yes
configure:7408: checking for initgroups
configure:7408: gcc -o conftest  -g -O2 -pthread  -DLINUX -D_REENTRANT -D_GNU_SOURCE   conftest.c  >&5
configure:7408: $? = 0
configure:7408: result: yes
configure:7408: checking for bindprocessor
configure:7408: gcc -o conftest  -g -O2 -pthread  -DLINUX -D_REENTRANT -D_GNU_SOURCE   conftest.c  >&5
/usr/bin/ld: /tmp/ccIK4iSX.o: in function `main':
/home/salman/DPP/data/httpd-2.4.7/conftest.c:72: undefined reference to `bindprocessor'
collect2: error: ld returned 1 exit status
configure:7408: $? = 1
configure: failed program was:
| /* confdefs.h */
| #define PACKAGE_NAME ""
| #define PACKAGE_TARNAME ""
| #define PACKAGE_VERSION ""
| #define PACKAGE_STRING ""
| #define PACKAGE_BUGREPORT ""
| #define PACKAGE_URL ""
| #define STDC_HEADERS 1
| #define HAVE_SYS_TYPES_H 1
| #define HAVE_SYS_STAT_H 1
| #define HAVE_STDLIB_H 1
| #define HAVE_STRING_H 1
| #define HAVE_MEMORY_H 1
| #define HAVE_STRINGS_H 1
| #define HAVE_INTTYPES_H 1
| #define HAVE_STDINT_H 1
| #define HAVE_UNISTD_H 1
| #define __EXTENSIONS__ 1
| #define _ALL_SOURCE 1
| #define _GNU_SOURCE 1
| #define _POSIX_PTHREAD_SEMANTICS 1
| #define _TANDEM_SOURCE 1
| #define STDC_HEADERS 1
| #define HAVE_STRING_H 1
| #define HAVE_LIMITS_H 1
| #define HAVE_UNISTD_H 1
| #define HAVE_SYS_SOCKET_H 1
| #define HAVE_PWD_H 1
| #define HAVE_GRP_H 1
| #define HAVE_STRINGS_H 1
| #define HAVE_SYS_PRCTL_H 1
| #define HAVE_SYS_SEM_H 1
| #define HAVE_SYS_WAIT_H 1
| #define HAVE_GETPWNAM 1
| #define HAVE_GETGRNAM 1
| #define HAVE_INITGROUPS 1
| /* end confdefs.h.  */
| /* Define bindprocessor to an innocuous variant, in case <limits.h> declares bindprocessor.
|    For example, HP-UX 11i <limits.h> declares gettimeofday.  */
| #define bindprocessor innocuous_bindprocessor
| 
| /* System header to define __stub macros and hopefully few prototypes,
|     which can conflict with char bindprocessor (); below.
|     Prefer <limits.h> to <assert.h> if __STDC__ is defined, since
|     <limits.h> exists even on freestanding compilers.  */
| 
| #ifdef __STDC__
| # include <limits.h>
| #else
| # include <assert.h>
| #endif
| 
| #undef bindprocessor
| 
| /* Override any GCC internal prototype to avoid an error.
|    Use char because int might match the return type of a GCC
|    builtin and then its argument prototype would still apply.  */
| #ifdef __cplusplus
| extern "C"
| #endif
| char bindprocessor ();
| /* The GNU C library defines this for functions which it implements
|     to always fail with ENOSYS.  Some functions are actually named
|     something starting with __ and the normal name is an alias.  */
| #if defined __stub_bindprocessor || defined __stub___bindprocessor
| choke me
| #endif
| 
| int
| main ()
| {
| return bindprocessor ();
|   ;
|   return 0;
| }
configure:7408: result: no
configure:7408: checking for prctl
configure:7408: gcc -o conftest  -g -O2 -pthread  -DLINUX -D_REENTRANT -D_GNU_SOURCE   conftest.c  >&5
configure:7408: $? = 0
configure:7408: result: yes
configure:7408: checking for timegm
configure:7408: gcc -o conftest  -g -O2 -pthread  -DLINUX -D_REENTRANT -D_GNU_SOURCE   conftest.c  >&5
configure:7408: $? = 0
configure:7408: result: yes
configure:7408: checking for getpgid
configure:7408: gcc -o conftest  -g -O2 -pthread  -DLINUX -D_REENTRANT -D_GNU_SOURCE   conftest.c  >&5
configure:7408: $? = 0
configure:7408: result: yes
configure:7408: checking for fopen64
configure:7408: gcc -o conftest  -g -O2 -pthread  -DLINUX -D_REENTRANT -D_GNU_SOURCE   conftest.c  >&5
configure:7408: $? = 0
configure:7408: result: yes
configure:7408: checking for getloadavg
configure:7408: gcc -o conftest  -g -O2 -pthread  -DLINUX -D_REENTRANT -D_GNU_SOURCE   conftest.c  >&5
configure:7408: $? = 0
configure:7408: result: yes
configure:7420: checking for void pointer length
configure:7436: gcc -o conftest  -g -O2 -pthread  -DLINUX -D_REENTRANT -D_GNU_SOURCE   conftest.c  >&5
configure:7436: $? = 0
configure:7436: ./conftest
configure:7436: $? = 0
configure:7446: result: no
configure:7454: checking for gettid()
configure:7471: gcc -o conftest  -g -O2 -pthread  -DLINUX -D_REENTRANT -D_GNU_SOURCE   conftest.c  >&5
conftest.c:43: warning: "_GNU_SOURCE" redefined
   43 | #define _GNU_SOURCE
      | 
conftest.c:20: note: this is the location of the previous definition
   20 | #define _GNU_SOURCE 1
      | 
configure:7471: $? = 0
configure:7471: ./conftest
configure:7471: $? = 0
configure:7481: result: yes
configure:7489: checking for tm_gmtoff in struct tm
configure:7506: gcc -c  -g -O2 -pthread  -DLINUX -D_REENTRANT -D_GNU_SOURCE conftest.c >&5
configure:7506: $? = 0
configure:7513: result: yes
configure:8512: checking whether to enable mod_authn_file
configure:8565: result: shared
configure:8646: checking whether to enable mod_authn_dbm
configure:8699: result: shared (most)
configure:8780: checking whether to enable mod_authn_anon
configure:8833: result: shared (most)
configure:8914: checking whether to enable mod_authn_dbd
configure:8967: result: shared (most)
configure:9048: checking whether to enable mod_authn_socache
configure:9101: result: shared (most)
configure:9183: checking whether to enable mod_authn_core
configure:9236: result: shared
configure:9318: checking whether to enable mod_authz_host
configure:9371: result: shared
configure:9452: checking whether to enable mod_authz_groupfile
configure:9505: result: shared
configure:9586: checking whether to enable mod_authz_user
configure:9639: result: shared
configure:9720: checking whether to enable mod_authz_dbm
configure:9773: result: shared (most)
configure:9854: checking whether to enable mod_authz_owner
configure:9907: result: shared (most)
configure:9988: checking whether to enable mod_authz_dbd
configure:10041: result: shared (most)
configure:10123: checking whether to enable mod_authz_core
configure:10176: result: shared
configure:10258: checking whether to enable mod_authnz_ldap
configure:10309: result: checking dependencies
configure:10314: checking for ldap support in apr/apr-util
configure:10342: result: no
configure:10374: WARNING: apr/apr-util is compiled without ldap support
configure:10380: checking whether to enable mod_authnz_ldap
configure:10390: result: no (disabled)
configure:10472: checking whether to enable mod_access_compat
configure:10525: result: shared
configure:10608: checking whether to enable mod_auth_basic
configure:10661: result: shared
configure:10742: checking whether to enable mod_auth_form
configure:10795: result: shared (most)
configure:10876: checking whether to enable mod_auth_digest
configure:10927: result: checking dependencies
configure:10960: checking whether to enable mod_auth_digest
configure:10970: result: shared (most)
configure:11052: checking whether to enable mod_allowmethods
configure:11105: result: shared (most)
configure:11242: checking whether to enable mod_isapi
configure:11295: result: no
configure:11410: checking whether to enable mod_file_cache
configure:11463: result: shared (most)
configure:11558: checking whether to enable mod_cache
configure:11611: result: shared (most)
configure:11692: checking whether to enable mod_cache_disk
configure:11743: result: checking dependencies
configure:11756: checking whether to enable mod_cache_disk
configure:11766: result: shared (most)
configure:11847: checking whether to enable mod_cache_socache
configure:11900: result: shared (most)
configure:11984: checking whether to enable mod_socache_shmcb
configure:12037: result: shared (most)
configure:12118: checking whether to enable mod_socache_dbm
configure:12171: result: shared (most)
configure:12252: checking whether to enable mod_socache_memcache
configure:12305: result: shared (most)
configure:12386: checking whether to enable mod_socache_dc
configure:12752: result: no
configure:12971: checking whether to enable mod_so
configure:13024: result: static
configure:13106: checking whether to enable mod_watchdog
configure:13200: result: no
configure:13282: checking whether to enable mod_macro
configure:13335: result: shared (most)
configure:13471: checking whether to enable mod_dbd
configure:13524: result: shared (most)
configure:13660: checking whether to enable mod_bucketeer
configure:13713: result: no
configure:13794: checking whether to enable mod_dumpio
configure:13847: result: shared (most)
configure:13962: checking whether to enable mod_echo
configure:14015: result: no
configure:14129: checking whether to enable mod_example_hooks
configure:14182: result: no
configure:14263: checking whether to enable mod_case_filter
configure:14316: result: no
configure:14397: checking whether to enable mod_case_filter_in
configure:14450: result: no
configure:14531: checking whether to enable mod_example_ipc
configure:14584: result: no
configure:14731: checking whether to enable mod_buffer
configure:14784: result: shared (most)
configure:14865: checking whether to enable mod_data
configure:14918: result: no
configure:14999: checking whether to enable mod_ratelimit
configure:15052: result: shared (most)
configure:15133: checking whether to enable mod_reqtimeout
configure:15186: result: shared
configure:15267: checking whether to enable mod_ext_filter
configure:15320: result: shared (most)
configure:15401: checking whether to enable mod_request
configure:15454: result: shared (most)
configure:15535: checking whether to enable mod_include
configure:15588: result: shared (most)
configure:15669: checking whether to enable mod_filter
configure:15722: result: shared
configure:15803: checking whether to enable mod_reflector
configure:15856: result: no
configure:15937: checking whether to enable mod_substitute
configure:15990: result: shared (most)
configure:16073: checking whether to enable mod_sed
configure:16124: result: checking dependencies
configure:16155: checking whether to enable mod_sed
configure:16165: result: shared (most)
configure:16385: checking whether to enable mod_charset_lite
configure:16438: result: no
configure:16522: checking whether to enable mod_deflate
configure:16573: result: checking dependencies
configure:16589: checking for zlib location
configure:16610: result: /usr
configure:16771: checking for zlib library
configure:16784: gcc -o conftest  -g -O2 -pthread  -DLINUX -D_REENTRANT -D_GNU_SOURCE   conftest.c -lz >&5
configure:16784: $? = 0
configure:16785: result: found
configure:16848: checking whether to enable mod_deflate
configure:16858: result: shared (most)
configure:16942: checking whether to enable mod_xml2enc
configure:17091: result: no
configure:17172: checking whether to enable mod_proxy_html
configure:17322: result: no
configure:17466: checking whether to enable mod_http
configure:17519: result: static
configure:17600: checking whether to enable mod_mime
configure:17653: result: shared
configure:17769: checking whether to enable mod_ldap
configure:17820: result: checking dependencies
configure:17825: checking for ldap support in apr/apr-util
configure:17853: result: no
configure:17885: WARNING: apr/apr-util is compiled without ldap support
configure:17891: checking whether to enable mod_ldap
configure:17901: result: no (disabled)
configure:18038: checking whether to enable mod_log_config
configure:18091: result: shared
configure:18172: checking whether to enable mod_log_debug
configure:18225: result: shared (most)
configure:18306: checking whether to enable mod_log_forensic
configure:18359: result: no
configure:18466: checking whether to enable mod_logio
configure:18519: result: shared (most)
configure:18659: checking whether to enable mod_lua
configure:19313: result: no
configure:19450: checking whether to enable mod_env
configure:19503: result: shared
configure:19584: checking whether to enable mod_mime_magic
configure:19637: result: no
configure:19718: checking whether to enable mod_cern_meta
configure:19771: result: no
configure:19852: checking whether to enable mod_expires
configure:19905: result: shared (most)
configure:19986: checking whether to enable mod_headers
configure:20039: result: shared
configure:20120: checking whether to enable mod_ident
configure:20173: result: no
configure:20255: checking whether to enable mod_usertrack
configure:20345: result: no
configure:20427: checking whether to enable mod_unique_id
configure:20480: result: shared (most)
configure:20561: checking whether to enable mod_setenvif
configure:20614: result: shared
configure:20695: checking whether to enable mod_version
configure:20748: result: shared
configure:20829: checking whether to enable mod_remoteip
configure:20882: result: shared (most)
configure:21005: checking whether to enable mod_proxy
configure:21058: result: shared (most)
configure:21166: checking whether to enable mod_proxy_connect
configure:21217: result: checking dependencies
configure:21230: checking whether to enable mod_proxy_connect
configure:21240: result: shared (most)
configure:21321: checking whether to enable mod_proxy_ftp
configure:21372: result: checking dependencies
configure:21385: checking whether to enable mod_proxy_ftp
configure:21395: result: shared (most)
configure:21476: checking whether to enable mod_proxy_http
configure:21527: result: checking dependencies
configure:21540: checking whether to enable mod_proxy_http
configure:21550: result: shared (most)
configure:21631: checking whether to enable mod_proxy_fcgi
configure:21682: result: checking dependencies
configure:21695: checking whether to enable mod_proxy_fcgi
configure:21705: result: shared (most)
configure:21786: checking whether to enable mod_proxy_scgi
configure:21837: result: checking dependencies
configure:21850: checking whether to enable mod_proxy_scgi
configure:21860: result: shared (most)
configure:21941: checking whether to enable mod_proxy_fdpass
configure:22030: result: no
configure:22111: checking whether to enable mod_proxy_wstunnel
configure:22162: result: checking dependencies
configure:22175: checking whether to enable mod_proxy_wstunnel
configure:22185: result: shared (most)
configure:22266: checking whether to enable mod_proxy_ajp
configure:22317: result: checking dependencies
configure:22330: checking whether to enable mod_proxy_ajp
configure:22340: result: shared (most)
configure:22421: checking whether to enable mod_proxy_balancer
configure:22472: result: checking dependencies
configure:22485: checking whether to enable mod_proxy_balancer
configure:22495: result: shared (most)
configure:22577: checking whether to enable mod_proxy_express
configure:22628: result: checking dependencies
configure:22641: checking whether to enable mod_proxy_express
configure:22651: result: shared (most)
configure:22810: checking whether to enable mod_session
configure:22863: result: shared (most)
configure:22944: checking whether to enable mod_session_cookie
configure:22995: result: checking dependencies
configure:23008: checking whether to enable mod_session_cookie
configure:23018: result: shared (most)
configure:23122: gcc -c  -g -O2 -pthread  -DLINUX -D_REENTRANT -D_GNU_SOURCE  -I/home/salman/DPP/data/httpd-2.4.7/srclib/apr/include   -I/home/salman/DPP/data/httpd-2.4.7/srclib/apr-util/include  conftest.c >&5
conftest.c: In function 'main':
conftest.c:51:2: error: #error no crypto support
   51 | #error no crypto support
      |  ^~~~~
configure:23122: $? = 1
configure: failed program was:
| /* confdefs.h */
| #define PACKAGE_NAME ""
| #define PACKAGE_TARNAME ""
| #define PACKAGE_VERSION ""
| #define PACKAGE_STRING ""
| #define PACKAGE_BUGREPORT ""
| #define PACKAGE_URL ""
| #define STDC_HEADERS 1
| #define HAVE_SYS_TYPES_H 1
| #define HAVE_SYS_STAT_H 1
| #define HAVE_STDLIB_H 1
| #define HAVE_STRING_H 1
| #define HAVE_MEMORY_H 1
| #define HAVE_STRINGS_H 1
| #define HAVE_INTTYPES_H 1
| #define HAVE_STDINT_H 1
| #define HAVE_UNISTD_H 1
| #define __EXTENSIONS__ 1
| #define _ALL_SOURCE 1
| #define _GNU_SOURCE 1
| #define _POSIX_PTHREAD_SEMANTICS 1
| #define _TANDEM_SOURCE 1
| #define STDC_HEADERS 1
| #define HAVE_STRING_H 1
| #define HAVE_LIMITS_H 1
| #define HAVE_UNISTD_H 1
| #define HAVE_SYS_SOCKET_H 1
| #define HAVE_PWD_H 1
| #define HAVE_GRP_H 1
| #define HAVE_STRINGS_H 1
| #define HAVE_SYS_PRCTL_H 1
| #define HAVE_SYS_SEM_H 1
| #define HAVE_SYS_WAIT_H 1
| #define HAVE_GETPWNAM 1
| #define HAVE_GETGRNAM 1
| #define HAVE_INITGROUPS 1
| #define HAVE_PRCTL 1
| #define HAVE_TIMEGM 1
| #define HAVE_GETPGID 1
| #define HAVE_FOPEN64 1
| #define HAVE_GETLOADAVG 1
| #define HAVE_GETTID 1
| #define HAVE_GMTOFF 1
| /* end confdefs.h.  */
| #include <apr_crypto.h>
| int
| main ()
| {
| 
| #if APU_HAVE_CRYPTO == 0
| #error no crypto support
| #endif
| 
|   ;
|   return 0;
| }
configure:23130: WARNING: Your APR does not include SSL/EVP support. To enable it: configure --with-crypto
configure:23139: checking whether to enable mod_session_crypto
configure:23217: result: no
configure:23299: checking whether to enable mod_session_dbd
configure:23350: result: checking dependencies
configure:23363: checking whether to enable mod_session_dbd
configure:23373: result: shared (most)
configure:23511: checking whether to enable mod_slotmem_shm
configure:23564: result: shared (most)
configure:23645: checking whether to enable mod_slotmem_plain
configure:23698: result: no
configure:23813: checking whether to enable mod_ssl
configure:23864: result: checking dependencies
configure:23869: checking for OpenSSL
configure:23880: checking for user-provided OpenSSL base directory
configure:23893: result: none
configure:24229: checking for OpenSSL version >= 0.9.7
configure:24248: gcc -c  -g -O2 -pthread  -DLINUX -D_REENTRANT -D_GNU_SOURCE conftest.c >&5
configure:24248: $? = 0
configure:24249: result: OK
configure:24318: checking openssl/engine.h usability
configure:24318: gcc -c  -g -O2 -pthread  -DLINUX -D_REENTRANT -D_GNU_SOURCE conftest.c >&5
configure:24318: $? = 0
configure:24318: result: yes
configure:24318: checking openssl/engine.h presence
configure:24318: gcc -E  -DLINUX -D_REENTRANT -D_GNU_SOURCE conftest.c
configure:24318: $? = 0
configure:24318: result: yes
configure:24318: checking for openssl/engine.h
configure:24318: result: yes
configure:24331: checking for SSLeay_version
configure:24331: gcc -o conftest  -g -O2 -pthread  -DLINUX -D_REENTRANT -D_GNU_SOURCE   conftest.c -lssl -lcrypto  -luuid -lrt -lcrypt  -lpthread -ldl >&5
/usr/bin/ld: /tmp/cc8StAHd.o: in function `main':
/home/salman/DPP/data/httpd-2.4.7/conftest.c:80: undefined reference to `SSLeay_version'
collect2: error: ld returned 1 exit status
configure:24331: $? = 1
configure: failed program was:
| /* confdefs.h */
| #define PACKAGE_NAME ""
| #define PACKAGE_TARNAME ""
| #define PACKAGE_VERSION ""
| #define PACKAGE_STRING ""
| #define PACKAGE_BUGREPORT ""
| #define PACKAGE_URL ""
| #define STDC_HEADERS 1
| #define HAVE_SYS_TYPES_H 1
| #define HAVE_SYS_STAT_H 1
| #define HAVE_STDLIB_H 1
| #define HAVE_STRING_H 1
| #define HAVE_MEMORY_H 1
| #define HAVE_STRINGS_H 1
| #define HAVE_INTTYPES_H 1
| #define HAVE_STDINT_H 1
| #define HAVE_UNISTD_H 1
| #define __EXTENSIONS__ 1
| #define _ALL_SOURCE 1
| #define _GNU_SOURCE 1
| #define _POSIX_PTHREAD_SEMANTICS 1
| #define _TANDEM_SOURCE 1
| #define STDC_HEADERS 1
| #define HAVE_STRING_H 1
| #define HAVE_LIMITS_H 1
| #define HAVE_UNISTD_H 1
| #define HAVE_SYS_SOCKET_H 1
| #define HAVE_PWD_H 1
| #define HAVE_GRP_H 1
| #define HAVE_STRINGS_H 1
| #define HAVE_SYS_PRCTL_H 1
| #define HAVE_SYS_SEM_H 1
| #define HAVE_SYS_WAIT_H 1
| #define HAVE_GETPWNAM 1
| #define HAVE_GETGRNAM 1
| #define HAVE_INITGROUPS 1
| #define HAVE_PRCTL 1
| #define HAVE_TIMEGM 1
| #define HAVE_GETPGID 1
| #define HAVE_FOPEN64 1
| #define HAVE_GETLOADAVG 1
| #define HAVE_GETTID 1
| #define HAVE_GMTOFF 1
| #define HAVE_OPENSSL_ENGINE_H 1
| /* end confdefs.h.  */
| /* Define SSLeay_version to an innocuous variant, in case <limits.h> declares SSLeay_version.
|    For example, HP-UX 11i <limits.h> declares gettimeofday.  */
| #define SSLeay_version innocuous_SSLeay_version
| 
| /* System header to define __stub macros and hopefully few prototypes,
|     which can conflict with char SSLeay_version (); below.
|     Prefer <limits.h> to <assert.h> if __STDC__ is defined, since
|     <limits.h> exists even on freestanding compilers.  */
| 
| #ifdef __STDC__
| # include <limits.h>
| #else
| # include <assert.h>
| #endif
| 
| #undef SSLeay_version
| 
| /* Override any GCC internal prototype to avoid an error.
|    Use char because int might match the return type of a GCC
|    builtin and then its argument prototype would still apply.  */
| #ifdef __cplusplus
| extern "C"
| #endif
| char SSLeay_version ();
| /* The GNU C library defines this for functions which it implements
|     to always fail with ENOSYS.  Some functions are actually named
|     something starting with __ and the normal name is an alias.  */
| #if defined __stub_SSLeay_version || defined __stub___SSLeay_version
| choke me
| #endif
| 
| int
| main ()
| {
| return SSLeay_version ();
|   ;
|   return 0;
| }
configure:24331: result: no
configure:24331: checking for SSL_CTX_new
configure:24331: gcc -o conftest  -g -O2 -pthread  -DLINUX -D_REENTRANT -D_GNU_SOURCE   conftest.c -lssl -lcrypto  -luuid -lrt -lcrypt  -lpthread -ldl >&5
configure:24331: $? = 0
configure:24331: result: yes
configure:24345: checking for ENGINE_init
configure:24345: gcc -o conftest  -g -O2 -pthread  -DLINUX -D_REENTRANT -D_GNU_SOURCE   conftest.c -lssl -lcrypto  -luuid -lrt -lcrypt  -lpthread -ldl >&5
configure:24345: $? = 0
configure:24345: result: yes
configure:24345: checking for ENGINE_load_builtin_engines
configure:24345: gcc -o conftest  -g -O2 -pthread  -DLINUX -D_REENTRANT -D_GNU_SOURCE   conftest.c -lssl -lcrypto  -luuid -lrt -lcrypt  -lpthread -ldl >&5
configure:24345: $? = 0
configure:24345: result: yes
configure:24355: WARNING: OpenSSL libraries are unusable
configure:24368: result: yes
configure:24407: checking whether to enable mod_ssl
configure:24417: result: shared
configure:24555: checking whether to enable mod_optional_hook_export
configure:24608: result: no
configure:24689: checking whether to enable mod_optional_hook_import
configure:24742: result: no
configure:24823: checking whether to enable mod_optional_fn_import
configure:24876: result: no
configure:24957: checking whether to enable mod_optional_fn_export
configure:25010: result: no
configure:25092: checking whether to enable mod_dialup
configure:25145: result: no
configure:25267: checking for target platform
configure:25292: result: unix
configure:25324: checking for rlim_t
configure:25345: gcc -c  -g -O2 -pthread  -DLINUX -D_REENTRANT -D_GNU_SOURCE conftest.c >&5
configure:25345: $? = 0
configure:25356: result: yes
configure:25368: checking sys/time.h usability
configure:25368: gcc -c  -g -O2 -pthread  -DLINUX -D_REENTRANT -D_GNU_SOURCE conftest.c >&5
configure:25368: $? = 0
configure:25368: result: yes
configure:25368: checking sys/time.h presence
configure:25368: gcc -E  -DLINUX -D_REENTRANT -D_GNU_SOURCE conftest.c
configure:25368: $? = 0
configure:25368: result: yes
configure:25368: checking for sys/time.h
configure:25368: result: yes
configure:25368: checking sys/resource.h usability
configure:25368: gcc -c  -g -O2 -pthread  -DLINUX -D_REENTRANT -D_GNU_SOURCE conftest.c >&5
configure:25368: $? = 0
configure:25368: result: yes
configure:25368: checking sys/resource.h presence
configure:25368: gcc -E  -DLINUX -D_REENTRANT -D_GNU_SOURCE conftest.c
configure:25368: $? = 0
configure:25368: result: yes
configure:25368: checking for sys/resource.h
configure:25368: result: yes
configure:25368: checking for sys/sem.h
configure:25368: result: yes
configure:25368: checking sys/ipc.h usability
configure:25368: gcc -c  -g -O2 -pthread  -DLINUX -D_REENTRANT -D_GNU_SOURCE conftest.c >&5
configure:25368: $? = 0
configure:25368: result: yes
configure:25368: checking sys/ipc.h presence
configure:25368: gcc -E  -DLINUX -D_REENTRANT -D_GNU_SOURCE conftest.c
configure:25368: $? = 0
configure:25368: result: yes
configure:25368: checking for sys/ipc.h
configure:25368: result: yes
configure:25382: checking for setsid
configure:25382: gcc -o conftest  -g -O2 -pthread  -DLINUX -D_REENTRANT -D_GNU_SOURCE   conftest.c  >&5
configure:25382: $? = 0
configure:25382: result: yes
configure:25382: checking for killpg
configure:25382: gcc -o conftest  -g -O2 -pthread  -DLINUX -D_REENTRANT -D_GNU_SOURCE   conftest.c  >&5
configure:25382: $? = 0
configure:25382: result: yes
configure:25398: checking bstring.h usability
configure:25398: gcc -c  -g -O2 -pthread  -DLINUX -D_REENTRANT -D_GNU_SOURCE conftest.c >&5
conftest.c:89:10: fatal error: bstring.h: No such file or directory
   89 | #include <bstring.h>
      |          ^~~~~~~~~~~
compilation terminated.
configure:25398: $? = 1
configure: failed program was:
| /* confdefs.h */
| #define PACKAGE_NAME ""
| #define PACKAGE_TARNAME ""
| #define PACKAGE_VERSION ""
| #define PACKAGE_STRING ""
| #define PACKAGE_BUGREPORT ""
| #define PACKAGE_URL ""
| #define STDC_HEADERS 1
| #define HAVE_SYS_TYPES_H 1
| #define HAVE_SYS_STAT_H 1
| #define HAVE_STDLIB_H 1
| #define HAVE_STRING_H 1
| #define HAVE_MEMORY_H 1
| #define HAVE_STRINGS_H 1
| #define HAVE_INTTYPES_H 1
| #define HAVE_STDINT_H 1
| #define HAVE_UNISTD_H 1
| #define __EXTENSIONS__ 1
| #define _ALL_SOURCE 1
| #define _GNU_SOURCE 1
| #define _POSIX_PTHREAD_SEMANTICS 1
| #define _TANDEM_SOURCE 1
| #define STDC_HEADERS 1
| #define HAVE_STRING_H 1
| #define HAVE_LIMITS_H 1
| #define HAVE_UNISTD_H 1
| #define HAVE_SYS_SOCKET_H 1
| #define HAVE_PWD_H 1
| #define HAVE_GRP_H 1
| #define HAVE_STRINGS_H 1
| #define HAVE_SYS_PRCTL_H 1
| #define HAVE_SYS_SEM_H 1
| #define HAVE_SYS_WAIT_H 1
| #define HAVE_GETPWNAM 1
| #define HAVE_GETGRNAM 1
| #define HAVE_INITGROUPS 1
| #define HAVE_PRCTL 1
| #define HAVE_TIMEGM 1
| #define HAVE_GETPGID 1
| #define HAVE_FOPEN64 1
| #define HAVE_GETLOADAVG 1
| #define HAVE_GETTID 1
| #define HAVE_GMTOFF 1
| #define HAVE_OPENSSL_ENGINE_H 1
| #define HAVE_SSL_CTX_NEW 1
| #define HAVE_ENGINE_INIT 1
| #define HAVE_ENGINE_LOAD_BUILTIN_ENGINES 1
| #define HAVE_OPENSSL 1
| #define HAVE_SYS_TIME_H 1
| #define HAVE_SYS_RESOURCE_H 1
| #define HAVE_SYS_SEM_H 1
| #define HAVE_SYS_IPC_H 1
| #define HAVE_SETSID 1
| #define HAVE_KILLPG 1
| /* end confdefs.h.  */
| #include <stdio.h>
| #ifdef HAVE_SYS_TYPES_H
| # include <sys/types.h>
| #endif
| #ifdef HAVE_SYS_STAT_H
| # include <sys/stat.h>
| #endif
| #ifdef STDC_HEADERS
| # include <stdlib.h>
| # include <stddef.h>
| #else
| # ifdef HAVE_STDLIB_H
| #  include <stdlib.h>
| # endif
| #endif
| #ifdef HAVE_STRING_H
| # if !defined STDC_HEADERS && defined HAVE_MEMORY_H
| #  include <memory.h>
| # endif
| # include <string.h>
| #endif
| #ifdef HAVE_STRINGS_H
| # include <strings.h>
| #endif
| #ifdef HAVE_INTTYPES_H
| # include <inttypes.h>
| #endif
| #ifdef HAVE_STDINT_H
| # include <stdint.h>
| #endif
| #ifdef HAVE_UNISTD_H
| # include <unistd.h>
| #endif
| #include <bstring.h>
configure:25398: result: no
configure:25398: checking bstring.h presence
configure:25398: gcc -E  -DLINUX -D_REENTRANT -D_GNU_SOURCE conftest.c
conftest.c:56:10: fatal error: bstring.h: No such file or directory
   56 | #include <bstring.h>
      |          ^~~~~~~~~~~
compilation terminated.
configure:25398: $? = 1
configure: failed program was:
| /* confdefs.h */
| #define PACKAGE_NAME ""
| #define PACKAGE_TARNAME ""
| #define PACKAGE_VERSION ""
| #define PACKAGE_STRING ""
| #define PACKAGE_BUGREPORT ""
| #define PACKAGE_URL ""
| #define STDC_HEADERS 1
| #define HAVE_SYS_TYPES_H 1
| #define HAVE_SYS_STAT_H 1
| #define HAVE_STDLIB_H 1
| #define HAVE_STRING_H 1
| #define HAVE_MEMORY_H 1
| #define HAVE_STRINGS_H 1
| #define HAVE_INTTYPES_H 1
| #define HAVE_STDINT_H 1
| #define HAVE_UNISTD_H 1
| #define __EXTENSIONS__ 1
| #define _ALL_SOURCE 1
| #define _GNU_SOURCE 1
| #define _POSIX_PTHREAD_SEMANTICS 1
| #define _TANDEM_SOURCE 1
| #define STDC_HEADERS 1
| #define HAVE_STRING_H 1
| #define HAVE_LIMITS_H 1
| #define HAVE_UNISTD_H 1
| #define HAVE_SYS_SOCKET_H 1
| #define HAVE_PWD_H 1
| #define HAVE_GRP_H 1
| #define HAVE_STRINGS_H 1
| #define HAVE_SYS_PRCTL_H 1
| #define HAVE_SYS_SEM_H 1
| #define HAVE_SYS_WAIT_H 1
| #define HAVE_GETPWNAM 1
| #define HAVE_GETGRNAM 1
| #define HAVE_INITGROUPS 1
| #define HAVE_PRCTL 1
| #define HAVE_TIMEGM 1
| #define HAVE_GETPGID 1
| #define HAVE_FOPEN64 1
| #define HAVE_GETLOADAVG 1
| #define HAVE_GETTID 1
| #define HAVE_GMTOFF 1
| #define HAVE_OPENSSL_ENGINE_H 1
| #define HAVE_SSL_CTX_NEW 1
| #define HAVE_ENGINE_INIT 1
| #define HAVE_ENGINE_LOAD_BUILTIN_ENGINES 1
| #define HAVE_OPENSSL 1
| #define HAVE_SYS_TIME_H 1
| #define HAVE_SYS_RESOURCE_H 1
| #define HAVE_SYS_SEM_H 1
| #define HAVE_SYS_IPC_H 1
| #define HAVE_SETSID 1
| #define HAVE_KILLPG 1
| /* end confdefs.h.  */
| #include <bstring.h>
configure:25398: result: no
configure:25398: checking for bstring.h
configure:25398: result: no
configure:25398: checking for unistd.h
configure:25398: result: yes
configure:25413: checking for syslog
configure:25413: gcc -o conftest  -g -O2 -pthread  -DLINUX -D_REENTRANT -D_GNU_SOURCE   conftest.c  >&5
configure:25413: $? = 0
configure:25413: result: yes
configure:25425: checking sys/times.h usability
configure:25425: gcc -c  -g -O2 -pthread  -DLINUX -D_REENTRANT -D_GNU_SOURCE conftest.c >&5
configure:25425: $? = 0
configure:25425: result: yes
configure:25425: checking sys/times.h presence
configure:25425: gcc -E  -DLINUX -D_REENTRANT -D_GNU_SOURCE conftest.c
configure:25425: $? = 0
configure:25425: result: yes
configure:25425: checking for sys/times.h
configure:25425: result: yes
configure:25437: checking for times
configure:25437: gcc -o conftest  -g -O2 -pthread  -DLINUX -D_REENTRANT -D_GNU_SOURCE   conftest.c  >&5
configure:25437: $? = 0
configure:25437: result: yes
configure:25506: checking whether APR supports thread-safe pollsets
configure:25525: checking for kqueue
configure:25525: gcc -o conftest  -g -O2 -pthread  -DLINUX -D_REENTRANT -D_GNU_SOURCE   conftest.c  >&5
/usr/bin/ld: /tmp/ccEFXH3S.o: in function `main':
/home/salman/DPP/data/httpd-2.4.7/conftest.c:94: undefined reference to `kqueue'
collect2: error: ld returned 1 exit status
configure:25525: $? = 1
configure: failed program was:
| /* confdefs.h */
| #define PACKAGE_NAME ""
| #define PACKAGE_TARNAME ""
| #define PACKAGE_VERSION ""
| #define PACKAGE_STRING ""
| #define PACKAGE_BUGREPORT ""
| #define PACKAGE_URL ""
| #define STDC_HEADERS 1
| #define HAVE_SYS_TYPES_H 1
| #define HAVE_SYS_STAT_H 1
| #define HAVE_STDLIB_H 1
| #define HAVE_STRING_H 1
| #define HAVE_MEMORY_H 1
| #define HAVE_STRINGS_H 1
| #define HAVE_INTTYPES_H 1
| #define HAVE_STDINT_H 1
| #define HAVE_UNISTD_H 1
| #define __EXTENSIONS__ 1
| #define _ALL_SOURCE 1
| #define _GNU_SOURCE 1
| #define _POSIX_PTHREAD_SEMANTICS 1
| #define _TANDEM_SOURCE 1
| #define STDC_HEADERS 1
| #define HAVE_STRING_H 1
| #define HAVE_LIMITS_H 1
| #define HAVE_UNISTD_H 1
| #define HAVE_SYS_SOCKET_H 1
| #define HAVE_PWD_H 1
| #define HAVE_GRP_H 1
| #define HAVE_STRINGS_H 1
| #define HAVE_SYS_PRCTL_H 1
| #define HAVE_SYS_SEM_H 1
| #define HAVE_SYS_WAIT_H 1
| #define HAVE_GETPWNAM 1
| #define HAVE_GETGRNAM 1
| #define HAVE_INITGROUPS 1
| #define HAVE_PRCTL 1
| #define HAVE_TIMEGM 1
| #define HAVE_GETPGID 1
| #define HAVE_FOPEN64 1
| #define HAVE_GETLOADAVG 1
| #define HAVE_GETTID 1
| #define HAVE_GMTOFF 1
| #define HAVE_OPENSSL_ENGINE_H 1
| #define HAVE_SSL_CTX_NEW 1
| #define HAVE_ENGINE_INIT 1
| #define HAVE_ENGINE_LOAD_BUILTIN_ENGINES 1
| #define HAVE_OPENSSL 1
| #define HAVE_SYS_TIME_H 1
| #define HAVE_SYS_RESOURCE_H 1
| #define HAVE_SYS_SEM_H 1
| #define HAVE_SYS_IPC_H 1
| #define HAVE_SETSID 1
| #define HAVE_KILLPG 1
| #define HAVE_UNISTD_H 1
| #define HAVE_SYSLOG 1
| #define HAVE_SYS_TIMES_H 1
| #define HAVE_TIMES 1
| /* end confdefs.h.  */
| /* Define kqueue to an innocuous variant, in case <limits.h> declares kqueue.
|    For example, HP-UX 11i <limits.h> declares gettimeofday.  */
| #define kqueue innocuous_kqueue
| 
| /* System header to define __stub macros and hopefully few prototypes,
|     which can conflict with char kqueue (); below.
|     Prefer <limits.h> to <assert.h> if __STDC__ is defined, since
|     <limits.h> exists even on freestanding compilers.  */
| 
| #ifdef __STDC__
| # include <limits.h>
| #else
| # include <assert.h>
| #endif
| 
| #undef kqueue
| 
| /* Override any GCC internal prototype to avoid an error.
|    Use char because int might match the return type of a GCC
|    builtin and then its argument prototype would still apply.  */
| #ifdef __cplusplus
| extern "C"
| #endif
| char kqueue ();
| /* The GNU C library defines this for functions which it implements
|     to always fail with ENOSYS.  Some functions are actually named
|     something starting with __ and the normal name is an alias.  */
| #if defined __stub_kqueue || defined __stub___kqueue
| choke me
| #endif
| 
| int
| main ()
| {
| return kqueue ();
|   ;
|   return 0;
| }
configure:25525: result: no
configure:25525: checking for port_create
configure:25525: gcc -o conftest  -g -O2 -pthread  -DLINUX -D_REENTRANT -D_GNU_SOURCE   conftest.c  >&5
/usr/bin/ld: /tmp/ccsnmQyd.o: in function `main':
/home/salman/DPP/data/httpd-2.4.7/conftest.c:94: undefined reference to `port_create'
collect2: error: ld returned 1 exit status
configure:25525: $? = 1
configure: failed program was:
| /* confdefs.h */
| #define PACKAGE_NAME ""
| #define PACKAGE_TARNAME ""
| #define PACKAGE_VERSION ""
| #define PACKAGE_STRING ""
| #define PACKAGE_BUGREPORT ""
| #define PACKAGE_URL ""
| #define STDC_HEADERS 1
| #define HAVE_SYS_TYPES_H 1
| #define HAVE_SYS_STAT_H 1
| #define HAVE_STDLIB_H 1
| #define HAVE_STRING_H 1
| #define HAVE_MEMORY_H 1
| #define HAVE_STRINGS_H 1
| #define HAVE_INTTYPES_H 1
| #define HAVE_STDINT_H 1
| #define HAVE_UNISTD_H 1
| #define __EXTENSIONS__ 1
| #define _ALL_SOURCE 1
| #define _GNU_SOURCE 1
| #define _POSIX_PTHREAD_SEMANTICS 1
| #define _TANDEM_SOURCE 1
| #define STDC_HEADERS 1
| #define HAVE_STRING_H 1
| #define HAVE_LIMITS_H 1
| #define HAVE_UNISTD_H 1
| #define HAVE_SYS_SOCKET_H 1
| #define HAVE_PWD_H 1
| #define HAVE_GRP_H 1
| #define HAVE_STRINGS_H 1
| #define HAVE_SYS_PRCTL_H 1
| #define HAVE_SYS_SEM_H 1
| #define HAVE_SYS_WAIT_H 1
| #define HAVE_GETPWNAM 1
| #define HAVE_GETGRNAM 1
| #define HAVE_INITGROUPS 1
| #define HAVE_PRCTL 1
| #define HAVE_TIMEGM 1
| #define HAVE_GETPGID 1
| #define HAVE_FOPEN64 1
| #define HAVE_GETLOADAVG 1
| #define HAVE_GETTID 1
| #define HAVE_GMTOFF 1
| #define HAVE_OPENSSL_ENGINE_H 1
| #define HAVE_SSL_CTX_NEW 1
| #define HAVE_ENGINE_INIT 1
| #define HAVE_ENGINE_LOAD_BUILTIN_ENGINES 1
| #define HAVE_OPENSSL 1
| #define HAVE_SYS_TIME_H 1
| #define HAVE_SYS_RESOURCE_H 1
| #define HAVE_SYS_SEM_H 1
| #define HAVE_SYS_IPC_H 1
| #define HAVE_SETSID 1
| #define HAVE_KILLPG 1
| #define HAVE_UNISTD_H 1
| #define HAVE_SYSLOG 1
| #define HAVE_SYS_TIMES_H 1
| #define HAVE_TIMES 1
| /* end confdefs.h.  */
| /* Define port_create to an innocuous variant, in case <limits.h> declares port_create.
|    For example, HP-UX 11i <limits.h> declares gettimeofday.  */
| #define port_create innocuous_port_create
| 
| /* System header to define __stub macros and hopefully few prototypes,
|     which can conflict with char port_create (); below.
|     Prefer <limits.h> to <assert.h> if __STDC__ is defined, since
|     <limits.h> exists even on freestanding compilers.  */
| 
| #ifdef __STDC__
| # include <limits.h>
| #else
| # include <assert.h>
| #endif
| 
| #undef port_create
| 
| /* Override any GCC internal prototype to avoid an error.
|    Use char because int might match the return type of a GCC
|    builtin and then its argument prototype would still apply.  */
| #ifdef __cplusplus
| extern "C"
| #endif
| char port_create ();
| /* The GNU C library defines this for functions which it implements
|     to always fail with ENOSYS.  Some functions are actually named
|     something starting with __ and the normal name is an alias.  */
| #if defined __stub_port_create || defined __stub___port_create
| choke me
| #endif
| 
| int
| main ()
| {
| return port_create ();
|   ;
|   return 0;
| }
configure:25525: result: no
configure:25525: checking for epoll_create
configure:25525: gcc -o conftest  -g -O2 -pthread  -DLINUX -D_REENTRANT -D_GNU_SOURCE   conftest.c  >&5
configure:25525: $? = 0
configure:25525: result: yes
configure:25541: result: yes
configure:25608: checking if event MPM supports this platform
configure:25626: result: yes
configure:25641: checking if mpmt_os2 MPM supports this platform
configure:25660: result: no
configure:25665: checking if prefork MPM supports this platform
configure:25671: result: yes
configure:25686: checking if WinNT MPM supports this platform
configure:25705: result: no
configure:25710: checking if worker MPM supports this platform
configure:25722: result: yes
configure:26572: checking whether to enable mod_lbmethod_byrequests
configure:26625: result: shared (most)
configure:26706: checking whether to enable mod_lbmethod_bytraffic
configure:26759: result: shared (most)
configure:26840: checking whether to enable mod_lbmethod_bybusyness
configure:26893: result: shared (most)
configure:26974: checking whether to enable mod_lbmethod_heartbeat
configure:27027: result: shared (most)
configure:27127: checking which MPM to use by default
configure:27149: result: event
configure:27332: checking for pthread_kill
configure:27332: gcc -o conftest  -g -O2 -pthread  -DLINUX -D_REENTRANT -D_GNU_SOURCE   conftest.c  >&5
configure:27332: $? = 0
configure:27332: result: yes
configure:27594: checking whether to enable mod_unixd
configure:27647: result: shared
configure:27728: checking whether to enable mod_privileges
configure:27814: result: no
configure:27961: checking whether to enable mod_heartbeat
configure:28035: result: no
configure:28116: checking whether to enable mod_heartmonitor
configure:28169: result: no
configure:28291: checking whether to enable mod_dav
configure:28344: result: shared (most)
configure:28485: checking whether to enable mod_status
configure:28538: result: shared
configure:28619: checking whether to enable mod_autoindex
configure:28672: result: shared
configure:28753: checking whether to enable mod_asis
configure:28806: result: no
configure:28887: checking whether to enable mod_info
configure:28940: result: shared (most)
configure:29021: checking whether to enable mod_suexec
configure:29088: result: no
configure:29185: checking whether to enable mod_cgid
configure:29236: result: checking dependencies
configure:29278: checking whether to enable mod_cgid
configure:29288: result: shared (most)
configure:29369: checking whether to enable mod_cgi
configure:29422: result: no
configure:29937: checking whether to enable mod_dav_fs
configure:29988: result: checking dependencies
configure:30001: checking whether to enable mod_dav_fs
configure:30011: result: shared (most)
configure:30135: checking whether to enable mod_dav_lock
configure:30209: result: no
configure:30309: checking for extra modules
configure:30368: result: none
configure:30389: checking whether to enable mod_vhost_alias
configure:30442: result: shared (most)
configure:30523: checking whether to enable mod_negotiation
configure:30576: result: shared (most)
configure:30657: checking whether to enable mod_dir
configure:30710: result: shared
configure:30791: checking whether to enable mod_imagemap
configure:30844: result: no
configure:30925: checking whether to enable mod_actions
configure:30978: result: shared (most)
configure:31059: checking whether to enable mod_speling
configure:31112: result: shared (most)
configure:31193: checking whether to enable mod_userdir
configure:31246: result: shared (most)
configure:31327: checking whether to enable mod_alias
configure:31380: result: shared
configure:31461: checking whether to enable mod_rewrite
configure:31514: result: shared (most)
configure:32024: 
configure:32026: Restore user-defined environment settings...
configure:32028: 
configure:32146: 
configure:32148: Construct makefiles and header files...
configure:32150: 
configure:32461: creating config_vars.mk
configure:32636: creating ./config.status

## ---------------------- ##
## Running config.status. ##
## ---------------------- ##

This file was extended by config.status, which was
generated by GNU Autoconf 2.69.  Invocation command line was

  CONFIG_FILES    = 
  CONFIG_HEADERS  = 
  CONFIG_LINKS    = 
  CONFIG_COMMANDS = 
  $ ./config.status 

on salman-lab-pc

config.status:1178: creating docs/conf/httpd.conf
config.status:1178: creating docs/conf/extra/httpd-autoindex.conf
config.status:1178: creating docs/conf/extra/httpd-dav.conf
config.status:1178: creating docs/conf/extra/httpd-default.conf
config.status:1178: creating docs/conf/extra/httpd-info.conf
config.status:1178: creating docs/conf/extra/httpd-languages.conf
config.status:1178: creating docs/conf/extra/httpd-manual.conf
config.status:1178: creating docs/conf/extra/httpd-mpm.conf
config.status:1178: creating docs/conf/extra/httpd-multilang-errordoc.conf
config.status:1178: creating docs/conf/extra/httpd-ssl.conf
config.status:1178: creating docs/conf/extra/httpd-userdir.conf
config.status:1178: creating docs/conf/extra/httpd-vhosts.conf
config.status:1178: creating docs/conf/extra/proxy-html.conf
config.status:1178: creating include/ap_config_layout.h
config.status:1178: creating support/apxs
config.status:1178: creating support/apachectl
config.status:1178: creating support/dbmmanage
config.status:1178: creating support/envvars-std
config.status:1178: creating support/log_server_status
config.status:1178: creating support/logresolve.pl
config.status:1178: creating support/phf_abuse_log.cgi
config.status:1178: creating support/split-logfile
config.status:1178: creating build/rules.mk
config.status:1178: creating build/pkg/pkginfo
config.status:1178: creating build/config_vars.sh
config.status:1178: creating include/ap_config_auto.h
config.status:1348: include/ap_config_auto.h is unchanged
config.status:1362: executing default commands

## ---------------- ##
## Cache variables. ##
## ---------------- ##

ac_cv_APR_HAS_LDAP=no
ac_cv_build=x86_64-unknown-linux-gnu
ac_cv_c_compiler_gnu=yes
ac_cv_c_const=yes
ac_cv_define_APR_HAS_DSO=yes
ac_cv_define_APR_HAS_RANDOM=yes
ac_cv_define_APR_HAS_THREADS=yes
ac_cv_define_APR_HAVE_IPV6=yes
ac_cv_env_CC_set=
ac_cv_env_CC_value=
ac_cv_env_CFLAGS_set=
ac_cv_env_CFLAGS_value=
ac_cv_env_CPPFLAGS_set=
ac_cv_env_CPPFLAGS_value=
ac_cv_env_CPP_set=
ac_cv_env_CPP_value=
ac_cv_env_LDFLAGS_set=
ac_cv_env_LDFLAGS_value=
ac_cv_env_LIBS_set=
ac_cv_env_LIBS_value=
ac_cv_env_build_alias_set=
ac_cv_env_build_alias_value=
ac_cv_env_host_alias_set=
ac_cv_env_host_alias_value=
ac_cv_env_target_alias_set=
ac_cv_env_target_alias_value=
ac_cv_func_ENGINE_init=yes
ac_cv_func_ENGINE_load_builtin_engines=yes
ac_cv_func_SSL_CTX_new=yes
ac_cv_func_SSLeay_version=no
ac_cv_func_bindprocessor=no
ac_cv_func_epoll_create=yes
ac_cv_func_fopen64=yes
ac_cv_func_getgrnam=yes
ac_cv_func_getloadavg=yes
ac_cv_func_getpgid=yes
ac_cv_func_getpwnam=yes
ac_cv_func_initgroups=yes
ac_cv_func_killpg=yes
ac_cv_func_kqueue=no
ac_cv_func_port_create=no
ac_cv_func_prctl=yes
ac_cv_func_pthread_kill=yes
ac_cv_func_setsid=yes
ac_cv_func_syslog=yes
ac_cv_func_timegm=yes
ac_cv_func_times=yes
ac_cv_gettid=yes
ac_cv_have_threadsafe_pollset=yes
ac_cv_header_bstring_h=no
ac_cv_header_grp_h=yes
ac_cv_header_inttypes_h=yes
ac_cv_header_limits_h=yes
ac_cv_header_memory_h=yes
ac_cv_header_minix_config_h=no
ac_cv_header_openssl_engine_h=yes
ac_cv_header_pwd_h=yes
ac_cv_header_stdc=yes
ac_cv_header_stdint_h=yes
ac_cv_header_stdlib_h=yes
ac_cv_header_string_h=yes
ac_cv_header_strings_h=yes
ac_cv_header_sys_ipc_h=yes
ac_cv_header_sys_loadavg_h=no
ac_cv_header_sys_prctl_h=yes
ac_cv_header_sys_processor_h=no
ac_cv_header_sys_resource_h=yes
ac_cv_header_sys_sdt_h=no
ac_cv_header_sys_sem_h=yes
ac_cv_header_sys_socket_h=yes
ac_cv_header_sys_stat_h=yes
ac_cv_header_sys_time_h=yes
ac_cv_header_sys_times_h=yes
ac_cv_header_sys_types_h=yes
ac_cv_header_sys_wait_h=yes
ac_cv_header_unistd_h=yes
ac_cv_host=x86_64-unknown-linux-gnu
ac_cv_mkdir_p=yes
ac_cv_objext=o
ac_cv_openssl=yes
ac_cv_path_EGREP='/usr/bin/grep -E'
ac_cv_path_GREP=/usr/bin/grep
ac_cv_path_PCRE_CONFIG=/usr/bin/pcre-config
ac_cv_path_PKGCONFIG=/usr/bin/pkg-config
ac_cv_path_RM=/usr/bin/rm
ac_cv_path_RSYNC=/usr/bin/rsync
ac_cv_prog_AWK=gawk
ac_cv_prog_CPP='gcc -E'
ac_cv_prog_ac_ct_CC=gcc
ac_cv_prog_ac_ct_RANLIB=ranlib
ac_cv_prog_cc_c89=
ac_cv_prog_cc_c99=
ac_cv_prog_cc_g=yes
ac_cv_safe_to_define___extensions__=yes
ac_cv_search_crypt=-lcrypt
ac_cv_search_sqrt=-lm
ac_cv_search_strerror='none required'
ac_cv_struct_tm_gmtoff=yes
ac_cv_target=x86_64-unknown-linux-gnu
ac_cv_type_rlim_t=yes
ap_cv_void_ptr_lt_long=no
ap_cv_zlib=/usr

## ----------------- ##
## Output variables. ##
## ----------------- ##

APACHECTL_ULIMIT='ulimit -S -n `ulimit -H -n`'
APR_BINDIR='/usr/local/apache2/bin'
APR_CONFIG='/usr/local/apache2/bin/apr-1-config'
APR_INCLUDEDIR='/home/salman/DPP/data/httpd-2.4.7/srclib/apr/include'
APR_VERSION='1.7.0'
APU_BINDIR='/usr/local/apache2/bin'
APU_CONFIG='/usr/local/apache2/bin/apu-1-config'
APU_INCLUDEDIR='/home/salman/DPP/data/httpd-2.4.7/srclib/apr-util/include'
APU_VERSION='1.6.1'
AP_BUILD_SRCLIB_DIRS='apr  apr-util'
AP_CLEAN_SRCLIB_DIRS='apr-util  apr'
AP_LIBS='$(MOD_SO_LDADD) $(MOD_HTTP_LDADD) $(MOD_MPM_EVENT_LDADD)  /home/salman/DPP/data/httpd-2.4.7/srclib/apr-util/libaprutil-1.la     -lexpat  /home/salman/DPP/data/httpd-2.4.7/srclib/apr/libapr-1.la -luuid -lrt -lcrypt  -lpthread -ldl'
AWK='gawk'
BUILTIN_LIBS=' modules/core/libmod_so.la modules/http/libmod_http.la'
CC='gcc'
CFLAGS=''
CORE_IMPLIB=''
CORE_IMPLIB_FILE=''
CPP='gcc -E'
CPPFLAGS=''
CRYPT_LIBS='-lcrypt '
CXX=''
CXXFLAGS=''
DEFS='-DHAVE_CONFIG_H'
DSO_MODULES=' authn_file authn_dbm authn_anon authn_dbd authn_socache authn_core authz_host authz_groupfile authz_user authz_dbm authz_owner authz_dbd authz_core access_compat auth_basic auth_form auth_digest allowmethods file_cache cache cache_disk cache_socache socache_shmcb socache_dbm socache_memcache macro dbd dumpio buffer ratelimit reqtimeout ext_filter request include filter substitute sed deflate mime log_config log_debug logio env expires headers unique_id setenvif version remoteip proxy proxy_connect proxy_ftp proxy_http proxy_fcgi proxy_scgi proxy_wstunnel proxy_ajp proxy_balancer proxy_express session session_cookie session_dbd slotmem_shm ssl lbmethod_byrequests lbmethod_bytraffic lbmethod_bybusyness lbmethod_heartbeat unixd dav status autoindex info cgid dav_fs vhost_alias negotiation dir actions speling userdir alias rewrite'
DTRACE='true'
ECHO_C=''
ECHO_N='-n'
ECHO_T=''
EGREP='/usr/bin/grep -E'
ENABLED_DSO_MODULES=',authn_file,authn_core,authz_host,authz_groupfile,authz_user,authz_core,access_compat,auth_basic,reqtimeout,filter,mime,log_config,env,headers,setenvif,version,unixd,status,autoindex,dir,alias'
EXEEXT=''
EXTRA_CFLAGS=' -g -O2 -pthread'
EXTRA_CPPFLAGS=' -DLINUX -D_REENTRANT -D_GNU_SOURCE'
EXTRA_CXXFLAGS=''
EXTRA_INCLUDES='-I. -I$(top_srcdir)/os/$(OS_DIR) -I$(top_srcdir)/include -I/home/salman/DPP/data/httpd-2.4.7/srclib/apr/include -I/home/salman/DPP/data/httpd-2.4.7/srclib/apr-util/include -I$(top_srcdir)/modules/aaa -I$(top_srcdir)/modules/cache -I$(top_srcdir)/modules/core -I$(top_srcdir)/modules/database -I$(top_srcdir)/modules/filters -I$(top_srcdir)/modules/ldap -I$(top_srcdir)/modules/loggers -I$(top_srcdir)/modules/lua -I$(top_srcdir)/modules/proxy -I$(top_srcdir)/modules/session -I$(top_srcdir)/modules/ssl -I$(top_srcdir)/modules/test -I$(top_srcdir)/server -I$(top_srcdir)/modules/arch/unix -I$(top_srcdir)/modules/dav/main -I$(top_srcdir)/modules/generators -I$(top_srcdir)/modules/mappers'
EXTRA_LDFLAGS=' '
EXTRA_LIBS=''
GREP='/usr/bin/grep'
HTTPD_LDFLAGS='-export-dynamic'
HTTPD_VERSION='2.4.7'
INCLUDES=''
INSTALL='$(LIBTOOL) --mode=install $(abs_srcdir)/build/install.sh -c'
INSTALL_DSO='yes'
INSTALL_PROG_FLAGS=''
INTERNAL_CPPFLAGS=''
LDFLAGS=''
LIBOBJS=''
LIBS=''
LIBTOOL='/home/salman/DPP/data/httpd-2.4.7/srclib/apr/libtool $(LTFLAGS)'
LN_S='ln -s'
LOAD_ALL_MODULES='no'
LTCFLAGS='-prefer-non-pic -static'
LTFLAGS='--silent'
LTLIBOBJS=''
LT_LDFLAGS=''
LUA_CFLAGS=''
LUA_LIBS=''
LYNX_PATH='lynx'
MATH_LIBS='-lm '
MKDEP='$(CC) -MM'
MKINSTALLDIRS='$(abs_srcdir)/build/mkdir.sh'
MK_IMPLIB=''
MODULE_CLEANDIRS=' arch/win32 echo examples experimental ldap lua test cluster dav/lock'
MODULE_DIRS=' aaa cache core database debugging filters http loggers metadata proxy session slotmem ssl proxy/balancers arch/unix dav/main generators dav/fs mappers'
MOD_ACCESS_COMPAT_LDADD=''
MOD_ACTIONS_LDADD=''
MOD_ALIAS_LDADD=''
MOD_ALLOWMETHODS_LDADD=''
MOD_ASIS_LDADD=''
MOD_AUTHNZ_LDAP_LDADD=''
MOD_AUTHN_ANON_LDADD=''
MOD_AUTHN_CORE_LDADD=''
MOD_AUTHN_DBD_LDADD=''
MOD_AUTHN_DBM_LDADD=''
MOD_AUTHN_FILE_LDADD=''
MOD_AUTHN_SOCACHE_LDADD=''
MOD_AUTHZ_CORE_LDADD=''
MOD_AUTHZ_DBD_LDADD=''
MOD_AUTHZ_DBM_LDADD=''
MOD_AUTHZ_GROUPFILE_LDADD=''
MOD_AUTHZ_HOST_LDADD=''
MOD_AUTHZ_OWNER_LDADD=''
MOD_AUTHZ_USER_LDADD=''
MOD_AUTH_BASIC_LDADD=''
MOD_AUTH_DIGEST_LDADD=''
MOD_AUTH_FORM_LDADD=''
MOD_AUTOINDEX_LDADD=''
MOD_BUCKETEER_LDADD=''
MOD_BUFFER_LDADD=''
MOD_CACHE_DISK_LDADD=''
MOD_CACHE_LDADD=''
MOD_CACHE_SOCACHE_LDADD=''
MOD_CASE_FILTER_IN_LDADD=''
MOD_CASE_FILTER_LDADD=''
MOD_CERN_META_LDADD=''
MOD_CGID_LDADD=''
MOD_CGI_LDADD=''
MOD_CHARSET_LITE_LDADD=''
MOD_DATA_LDADD=''
MOD_DAV_FS_LDADD=''
MOD_DAV_LDADD=''
MOD_DAV_LOCK_LDADD=''
MOD_DBD_LDADD=''
MOD_DEFLATE_LDADD=' -lz'
MOD_DIALUP_LDADD=''
MOD_DIR_LDADD=''
MOD_DUMPIO_LDADD=''
MOD_ECHO_LDADD=''
MOD_ENV_LDADD=''
MOD_EXAMPLE_HOOKS_LDADD=''
MOD_EXAMPLE_IPC_LDADD=''
MOD_EXPIRES_LDADD=''
MOD_EXT_FILTER_LDADD=''
MOD_FILE_CACHE_LDADD=''
MOD_FILTER_LDADD=''
MOD_HEADERS_LDADD=''
MOD_HEARTBEAT_LDADD=''
MOD_HEARTMONITOR_LDADD=''
MOD_HTTP_LDADD=''
MOD_IDENT_LDADD=''
MOD_IMAGEMAP_LDADD=''
MOD_INCLUDE_LDADD=''
MOD_INFO_LDADD=''
MOD_ISAPI_LDADD=''
MOD_LBMETHOD_BYBUSYNESS_LDADD=''
MOD_LBMETHOD_BYREQUESTS_LDADD=''
MOD_LBMETHOD_BYTRAFFIC_LDADD=''
MOD_LBMETHOD_HEARTBEAT_LDADD=''
MOD_LDAP_LDADD=''
MOD_LOGIO_LDADD=''
MOD_LOG_CONFIG_LDADD=''
MOD_LOG_DEBUG_LDADD=''
MOD_LOG_FORENSIC_LDADD=''
MOD_LUA_LDADD=''
MOD_MACRO_LDADD=''
MOD_MIME_LDADD=''
MOD_MIME_MAGIC_LDADD=''
MOD_MPM_EVENT_LDADD=''
MOD_NEGOTIATION_LDADD=''
MOD_OPTIONAL_FN_EXPORT_LDADD=''
MOD_OPTIONAL_FN_IMPORT_LDADD=''
MOD_OPTIONAL_HOOK_EXPORT_LDADD=''
MOD_OPTIONAL_HOOK_IMPORT_LDADD=''
MOD_PRIVILEGES_LDADD=''
MOD_PROXY_AJP_LDADD=''
MOD_PROXY_BALANCER_LDADD=''
MOD_PROXY_CONNECT_LDADD=''
MOD_PROXY_EXPRESS_LDADD=''
MOD_PROXY_FCGI_LDADD=''
MOD_PROXY_FDPASS_LDADD=''
MOD_PROXY_FTP_LDADD=''
MOD_PROXY_HTML_LDADD=''
MOD_PROXY_HTTP_LDADD=''
MOD_PROXY_LDADD=''
MOD_PROXY_SCGI_LDADD=''
MOD_PROXY_WSTUNNEL_LDADD=''
MOD_RATELIMIT_LDADD=''
MOD_REFLECTOR_LDADD=''
MOD_REMOTEIP_LDADD=''
MOD_REQTIMEOUT_LDADD=''
MOD_REQUEST_LDADD=''
MOD_REWRITE_LDADD=''
MOD_SED_LDADD='-export-symbols-regex sed_module'
MOD_SESSION_COOKIE_LDADD=''
MOD_SESSION_CRYPTO_LDADD=''
MOD_SESSION_DBD_LDADD=''
MOD_SESSION_LDADD=''
MOD_SETENVIF_LDADD=''
MOD_SLOTMEM_PLAIN_LDADD=''
MOD_SLOTMEM_SHM_LDADD=''
MOD_SOCACHE_DBM_LDADD=''
MOD_SOCACHE_DC_LDADD=''
MOD_SOCACHE_MEMCACHE_LDADD=''
MOD_SOCACHE_SHMCB_LDADD=''
MOD_SO_ENABLED='yes'
MOD_SO_LDADD=''
MOD_SPELING_LDADD=''
MOD_SSL_LDADD='-export-symbols-regex ssl_module'
MOD_STATUS_LDADD=''
MOD_SUBSTITUTE_LDADD=''
MOD_SUEXEC_LDADD=''
MOD_UNIQUE_ID_LDADD=''
MOD_UNIXD_LDADD=''
MOD_USERDIR_LDADD=''
MOD_USERTRACK_LDADD=''
MOD_VERSION_LDADD=''
MOD_VHOST_ALIAS_LDADD=''
MOD_WATCHDOG_LDADD=''
MOD_XML2ENC_LDADD=''
MPM_LIB='server/mpm/event/libevent.la'
MPM_SUBDIRS=' event '
NONPORTABLE_SUPPORT='checkgid fcgistarter'
NOTEST_CFLAGS=''
NOTEST_CPPFLAGS=''
NOTEST_CXXFLAGS=''
NOTEST_LDFLAGS=''
NOTEST_LIBS=''
OBJEXT='o'
OS='unix'
OS_DIR='unix'
OS_SPECIFIC_VARS=''
PACKAGE_BUGREPORT=''
PACKAGE_NAME=''
PACKAGE_STRING=''
PACKAGE_TARNAME=''
PACKAGE_URL=''
PACKAGE_VERSION=''
PATH_SEPARATOR=':'
PCRE_CONFIG='/usr/bin/pcre-config'
PCRE_LIBS='-lpcre'
PICFLAGS=''
PILDFLAGS=''
PKGCONFIG='/usr/bin/pkg-config'
PORT='80'
POST_SHARED_CMDS='echo ""'
PRE_SHARED_CMDS='echo ""'
RANLIB='ranlib'
RM='/usr/bin/rm'
RSYNC='/usr/bin/rsync'
SHELL='/bin/bash'
SHLIBPATH_VAR='LD_LIBRARY_PATH'
SHLTCFLAGS='-prefer-pic'
SH_LDFLAGS=''
SH_LIBS=''
SH_LIBTOOL='$(LIBTOOL)'
SSLPORT='443'
UTIL_LDFLAGS=''
ab_CFLAGS=''
ab_LDFLAGS='-lssl -lcrypto  -luuid -lrt -lcrypt  -lpthread -ldl'
ab_LTFLAGS=''
abs_srcdir='/home/salman/DPP/data/httpd-2.4.7'
ac_ct_CC='gcc'
ap_make_delimiter=' '
ap_make_include='include'
bindir='${exec_prefix}/bin'
build='x86_64-unknown-linux-gnu'
build_alias=''
build_cpu='x86_64'
build_os='linux-gnu'
build_vendor='unknown'
cgidir='${datadir}/cgi-bin'
checkgid_LTFLAGS=''
datadir='${prefix}'
datarootdir='${prefix}/share'
docdir='${datarootdir}/doc/${PACKAGE}'
dvidir='${docdir}'
errordir='${datadir}/error'
exec_prefix='${prefix}'
exp_bindir='/usr/local/apache2/bin'
exp_cgidir='/usr/local/apache2/cgi-bin'
exp_datadir='/usr/local/apache2'
exp_errordir='/usr/local/apache2/error'
exp_exec_prefix='/usr/local/apache2'
exp_htdocsdir='/usr/local/apache2/htdocs'
exp_iconsdir='/usr/local/apache2/icons'
exp_includedir='/usr/local/apache2/include'
exp_installbuilddir='/usr/local/apache2/build'
exp_libdir='/usr/local/apache2/lib'
exp_libexecdir='/usr/local/apache2/modules'
exp_localstatedir='/usr/local/apache2'
exp_logfiledir='/usr/local/apache2/logs'
exp_mandir='/usr/local/apache2/man'
exp_manualdir='/usr/local/apache2/manual'
exp_proxycachedir='/usr/local/apache2/proxy'
exp_runtimedir='/usr/local/apache2/logs'
exp_sbindir='/usr/local/apache2/bin'
exp_sysconfdir='/usr/local/apache2/conf'
fcgistarter_LTFLAGS=''
host='x86_64-unknown-linux-gnu'
host_alias=''
host_cpu='x86_64'
host_os='linux-gnu'
host_vendor='unknown'
htcacheclean_LTFLAGS=''
htdbm_LTFLAGS=''
htdigest_LTFLAGS=''
htdocsdir='${datadir}/htdocs'
htmldir='${docdir}'
htpasswd_LTFLAGS=''
httxt2dbm_LTFLAGS=''
iconsdir='${datadir}/icons'
includedir='${prefix}/include'
infodir='${datarootdir}/info'
installbuilddir='${datadir}/build'
libdir='${exec_prefix}/lib'
libexecdir='${exec_prefix}/modules'
localedir='${datarootdir}/locale'
localstatedir='${prefix}'
logfiledir='${localstatedir}/logs'
logresolve_LTFLAGS=''
mandir='${prefix}/man'
manualdir='${datadir}/manual'
oldincludedir='/usr/include'
other_targets=''
pdfdir='${docdir}'
perlbin='/usr/bin/perl'
prefix='/usr/local/apache2'
progname='httpd'
program_transform_name='s,x,x,'
proxycachedir='${localstatedir}/proxy'
psdir='${docdir}'
rel_bindir='bin'
rel_cgidir='cgi-bin'
rel_datadir=''
rel_errordir='error'
rel_exec_prefix=''
rel_htdocsdir='htdocs'
rel_iconsdir='icons'
rel_includedir='include'
rel_installbuilddir='build'
rel_libdir='lib'
rel_libexecdir='modules'
rel_localstatedir=''
rel_logfiledir='logs'
rel_mandir='man'
rel_manualdir='manual'
rel_proxycachedir='proxy'
rel_runtimedir='logs'
rel_sbindir='bin'
rel_sysconfdir='conf'
rotatelogs_LTFLAGS=''
runtimedir='${localstatedir}/logs'
sbindir='${exec_prefix}/bin'
shared_build='shared-build'
sharedstatedir='${prefix}/com'
sysconfdir='${prefix}/conf'
target='x86_64-unknown-linux-gnu'
target_alias=''
target_cpu='x86_64'
target_os='linux-gnu'
target_vendor='unknown'

## ----------- ##
## confdefs.h. ##
## ----------- ##

/* confdefs.h */
#define PACKAGE_NAME ""
#define PACKAGE_TARNAME ""
#define PACKAGE_VERSION ""
#define PACKAGE_STRING ""
#define PACKAGE_BUGREPORT ""
#define PACKAGE_URL ""
#define STDC_HEADERS 1
#define HAVE_SYS_TYPES_H 1
#define HAVE_SYS_STAT_H 1
#define HAVE_STDLIB_H 1
#define HAVE_STRING_H 1
#define HAVE_MEMORY_H 1
#define HAVE_STRINGS_H 1
#define HAVE_INTTYPES_H 1
#define HAVE_STDINT_H 1
#define HAVE_UNISTD_H 1
#define __EXTENSIONS__ 1
#define _ALL_SOURCE 1
#define _GNU_SOURCE 1
#define _POSIX_PTHREAD_SEMANTICS 1
#define _TANDEM_SOURCE 1
#define STDC_HEADERS 1
#define HAVE_STRING_H 1
#define HAVE_LIMITS_H 1
#define HAVE_UNISTD_H 1
#define HAVE_SYS_SOCKET_H 1
#define HAVE_PWD_H 1
#define HAVE_GRP_H 1
#define HAVE_STRINGS_H 1
#define HAVE_SYS_PRCTL_H 1
#define HAVE_SYS_SEM_H 1
#define HAVE_SYS_WAIT_H 1
#define HAVE_GETPWNAM 1
#define HAVE_GETGRNAM 1
#define HAVE_INITGROUPS 1
#define HAVE_PRCTL 1
#define HAVE_TIMEGM 1
#define HAVE_GETPGID 1
#define HAVE_FOPEN64 1
#define HAVE_GETLOADAVG 1
#define HAVE_GETTID 1
#define HAVE_GMTOFF 1
#define HAVE_OPENSSL_ENGINE_H 1
#define HAVE_SSL_CTX_NEW 1
#define HAVE_ENGINE_INIT 1
#define HAVE_ENGINE_LOAD_BUILTIN_ENGINES 1
#define HAVE_OPENSSL 1
#define HAVE_SYS_TIME_H 1
#define HAVE_SYS_RESOURCE_H 1
#define HAVE_SYS_SEM_H 1
#define HAVE_SYS_IPC_H 1
#define HAVE_SETSID 1
#define HAVE_KILLPG 1
#define HAVE_UNISTD_H 1
#define HAVE_SYSLOG 1
#define HAVE_SYS_TIMES_H 1
#define HAVE_TIMES 1
#define HAVE_EPOLL_CREATE 1
#define HAVE_PTHREAD_KILL 1
#define AP_USING_AUTOCONF 1
#define SINGLE_LISTEN_UNSERIALIZED_ACCEPT 1
#define AP_NONBLOCK_WHEN_MULTI_LISTEN 1
#define AP_ENABLE_V4_MAPPED 1
#define HTTPD_ROOT "/usr/local/apache2"
#define SERVER_CONFIG_FILE "conf/httpd.conf"
#define AP_TYPES_CONFIG_FILE "conf/mime.types"

configure: exit 0
