This file contains any messages produced by compilers while
running configure, to aid debugging if configure makes a mistake.

It was created by configure, which was
generated by GNU Autoconf 2.59.  Invocation command line was

  $ ./configure --prefix=/home/salman/DPP/data/installs/proftpd-1.3.0

## --------- ##
## Platform. ##
## --------- ##

hostname = salman-lab-pc
uname -m = x86_64
uname -r = 5.8.0-63-generic
uname -s = Linux
uname -v = #71~20.04.1-Ubuntu SMP Thu Jul 15 17:46:08 UTC 2021

/usr/bin/uname -p = x86_64
/bin/uname -X     = unknown

/bin/arch              = x86_64
/usr/bin/arch -k       = unknown
/usr/convex/getsysinfo = unknown
hostinfo               = unknown
/bin/machine           = unknown
/usr/bin/oslevel       = unknown
/bin/universe          = unknown

PATH: /home/salman/DPP/wp-llvm/wp-llvm/bin
PATH: /home/salman/.local/bin
PATH: /usr/local/sbin
PATH: /usr/local/bin
PATH: /usr/sbin
PATH: /usr/bin
PATH: /sbin
PATH: /bin
PATH: /usr/games
PATH: /usr/local/games
PATH: /snap/bin


## ----------- ##
## Core tests. ##
## ----------- ##

configure:1632: checking build system type
configure:1650: result: x86_64-unknown-linux-gnu
configure:1658: checking host system type
configure:1672: result: x86_64-unknown-linux-gnu
configure:1680: checking target system type
configure:1694: result: x86_64-unknown-linux-gnu
configure:1798: checking for gcc
configure:1824: result: wllvm
configure:2068: checking for C compiler version
configure:2071: wllvm --version </dev/null >&5
CRITICAL: No compiler set. Please set environment variable LLVM_COMPILER
WARNING:wllvm: exception case:  No compiler set. Please set environment variable %s
configure:2074: $? = 1
configure:2076: wllvm -v </dev/null >&5
CRITICAL: No compiler set. Please set environment variable LLVM_COMPILER
WARNING:wllvm: exception case:  No compiler set. Please set environment variable %s
configure:2079: $? = 1
configure:2081: wllvm -V </dev/null >&5
CRITICAL: No compiler set. Please set environment variable LLVM_COMPILER
WARNING:wllvm: exception case:  No compiler set. Please set environment variable %s
configure:2084: $? = 1
configure:2107: checking for C compiler default output file name
configure:2110: wllvm    conftest.c  >&5
CRITICAL: No compiler set. Please set environment variable LLVM_COMPILER
WARNING:wllvm: exception case:  No compiler set. Please set environment variable %s
configure:2113: $? = 1
configure: failed program was:
| /* confdefs.h.  */
| 
| #define PACKAGE_NAME ""
| #define PACKAGE_TARNAME ""
| #define PACKAGE_VERSION ""
| #define PACKAGE_STRING ""
| #define PACKAGE_BUGREPORT ""
| #define PR_BUILD_OPTS "--prefix=/home/salman/DPP/data/installs/proftpd-1.3.0"
| #define PR_PLATFORM "LINUX"
| /* end confdefs.h.  */
| 
| int
| main ()
| {
| 
|   ;
|   return 0;
| }
configure:2152: error: C compiler cannot create executables
See `config.log' for more details.

## ---------------- ##
## Cache variables. ##
## ---------------- ##

ac_cv_build=x86_64-unknown-linux-gnu
ac_cv_build_alias=x86_64-unknown-linux-gnu
ac_cv_env_CC_set=set
ac_cv_env_CC_value=wllvm
ac_cv_env_CFLAGS_set=
ac_cv_env_CFLAGS_value=
ac_cv_env_CPPFLAGS_set=
ac_cv_env_CPPFLAGS_value=
ac_cv_env_CPP_set=
ac_cv_env_CPP_value=
ac_cv_env_CXXCPP_set=
ac_cv_env_CXXCPP_value=
ac_cv_env_CXXFLAGS_set=
ac_cv_env_CXXFLAGS_value=
ac_cv_env_CXX_set=
ac_cv_env_CXX_value=
ac_cv_env_F77_set=
ac_cv_env_F77_value=
ac_cv_env_FFLAGS_set=
ac_cv_env_FFLAGS_value=
ac_cv_env_LDFLAGS_set=
ac_cv_env_LDFLAGS_value=
ac_cv_env_LIBS_set=
ac_cv_env_LIBS_value=
ac_cv_env_build_alias_set=
ac_cv_env_build_alias_value=
ac_cv_env_host_alias_set=
ac_cv_env_host_alias_value=
ac_cv_env_target_alias_set=
ac_cv_env_target_alias_value=
ac_cv_host=x86_64-unknown-linux-gnu
ac_cv_host_alias=x86_64-unknown-linux-gnu
ac_cv_prog_ac_ct_CC=wllvm
ac_cv_target=x86_64-unknown-linux-gnu
ac_cv_target_alias=x86_64-unknown-linux-gnu

## ----------------- ##
## Output variables. ##
## ----------------- ##

ADDL_DIRS=''
ALLOCA=''
AR=''
BINDIR=''
BUILD_SHARED_MODULE_OBJS=''
BUILD_STATIC_MODULE_OBJS=''
CC='wllvm'
CFLAGS=''
CPP=''
CPPFLAGS=''
CURSES_LIBS=''
CXX=''
CXXCPP=''
CXXFLAGS=''
DEFS=''
ECHO='echo'
ECHO_C=''
ECHO_N='-n'
ECHO_T=''
EGREP=''
EXEEXT=''
F77=''
FFLAGS=''
GLUE_MODULE_OBJS=''
INCLTDL='-I${top_srcdir}/lib/libltdl'
INCLUDEDIR=''
INCLUDES=''
INSTALL_DATA=''
INSTALL_DEPS=''
INSTALL_PROGRAM=''
INSTALL_SCRIPT=''
INSTALL_STRIP=''
LDFLAGS=''
LIBDIRS=''
LIBEXECDIR=''
LIBLTDL='${top_builddir}/lib/libltdl/libltdlc.la'
LIBOBJS=''
LIBRARIES=''
LIBS=''
LIBTOOL=''
LIBTOOL_DEPS=''
LIB_DEPS=''
LIB_OBJS=''
LN_S=''
LOCALSTATEDIR=''
LTLIBOBJS=''
MAIN_LDFLAGS=''
MAIN_LIBS=''
MODULE_DEPS=''
MODULE_LDFLAGS=''
OBJEXT=''
OSREL='-DLINUX'
OSTYPE=''
PACKAGE_BUGREPORT=''
PACKAGE_NAME=''
PACKAGE_STRING=''
PACKAGE_TARNAME=''
PACKAGE_VERSION=''
PATH_SEPARATOR=':'
PREFIX=''
RANLIB=''
SBINDIR=''
SET_MAKE=''
SHARED_MODULE_DIRS=''
SHARED_MODULE_OBJS=''
SHELL='/bin/bash'
STATIC_MODULE_DIRS=''
STATIC_MODULE_OBJS=''
STRIP=''
SYSCONFDIR=''
VERSION=''
ac_ct_AR=''
ac_ct_CC='wllvm'
ac_ct_CXX=''
ac_ct_F77=''
ac_ct_RANLIB=''
ac_ct_STRIP=''
bindir='${exec_prefix}/bin'
build='x86_64-unknown-linux-gnu'
build_alias=''
build_cpu='x86_64'
build_os='linux-gnu'
build_vendor='unknown'
datadir='${prefix}/share'
exec_prefix='NONE'
host='x86_64-unknown-linux-gnu'
host_alias=''
host_cpu='x86_64'
host_os='linux-gnu'
host_vendor='unknown'
includedir='${prefix}/include'
infodir='${prefix}/info'
install_group=''
install_user=''
libdir='${exec_prefix}/lib'
libexecdir='${exec_prefix}/libexec'
localstatedir='${prefix}/var'
mandir='${prefix}/man'
oldincludedir='/usr/include'
prefix='/home/salman/DPP/data/installs/proftpd-1.3.0'
program_transform_name='s,x,x,'
sbindir='${exec_prefix}/sbin'
sharedstatedir='${prefix}/com'
subdirs=''
sysconfdir='${prefix}/etc'
target='x86_64-unknown-linux-gnu'
target_alias=''
target_cpu='x86_64'
target_os='linux-gnu'
target_vendor='unknown'

## ----------- ##
## confdefs.h. ##
## ----------- ##

#define PACKAGE_BUGREPORT ""
#define PACKAGE_NAME ""
#define PACKAGE_STRING ""
#define PACKAGE_TARNAME ""
#define PACKAGE_VERSION ""
#define PR_BUILD_OPTS "--prefix=/home/salman/DPP/data/installs/proftpd-1.3.0"
#define PR_PLATFORM "LINUX"

configure: exit 77
